[0.102s] Invoking command in '/home/omarsalah/grad_ws/src/my_bot/build/my_bot': /usr/bin/cmake /home/omarsalah/grad_ws/src/my_bot -DCMAKE_INSTALL_PREFIX=/home/omarsalah/grad_ws/src/my_bot/install/my_bot
[0.144s] -- Found ament_cmake: 1.3.5 (/opt/ros/humble/share/ament_cmake/cmake)
[0.641s] Traceback (most recent call last):
[0.641s]   File "/opt/ros/humble/share/ament_cmake_core/cmake/package_templates/templates_2_cmake.py", line 21, in <module>
[0.644s]     from ament_package.templates import get_environment_hook_template_path
[0.644s] ModuleNotFoundError: No module named 'ament_package'
[0.685s] [31mCMake Error at /opt/ros/humble/share/ament_cmake_core/cmake/ament_cmake_package_templates-extras.cmake:41 (message):
[0.685s]   execute_process(/usr/bin/python3.10
[0.685s]   /opt/ros/humble/share/ament_cmake_core/cmake/package_templates/templates_2_cmake.py
[0.685s]   /home/omarsalah/grad_ws/src/my_bot/build/my_bot/ament_cmake_package_templates/templates.cmake)
[0.685s]   returned error code 1
[0.685s] Call Stack (most recent call first):
[0.686s]   /opt/ros/humble/share/ament_cmake_core/cmake/ament_cmake_coreConfig.cmake:41 (include)
[0.686s]   /opt/ros/humble/share/ament_cmake/cmake/ament_cmake_export_dependencies-extras.cmake:15 (find_package)
[0.686s]   /opt/ros/humble/share/ament_cmake/cmake/ament_cmakeConfig.cmake:41 (include)
[0.686s]   CMakeLists.txt:19 (find_package)
[0.686s] 
[0.686s] [0m
[0.700s] -- Configuring incomplete, errors occurred!
[0.700s] See also "/home/omarsalah/grad_ws/src/my_bot/build/my_bot/CMakeFiles/CMakeOutput.log".
[0.716s] Invoked command in '/home/omarsalah/grad_ws/src/my_bot/build/my_bot' returned '1': /usr/bin/cmake /home/omarsalah/grad_ws/src/my_bot -DCMAKE_INSTALL_PREFIX=/home/omarsalah/grad_ws/src/my_bot/install/my_bot
