[3.960s] DEBUG:colcon:Command line arguments: ['/usr/bin/colcon', 'build']
[3.960s] DEBUG:colcon:Parsed command line arguments: Namespace(log_base=None, log_level=None, verb_name='build', build_base='build', install_base='install', merge_install=False, symlink_install=False, test_result_base=None, continue_on_error=False, executor='parallel', parallel_workers=4, event_handlers=None, ignore_user_meta=False, metas=['./colcon.meta'], base_paths=['.'], packages_ignore=None, packages_ignore_regex=None, paths=None, packages_up_to=None, packages_up_to_regex=None, packages_above=None, packages_above_and_dependencies=None, packages_above_depth=None, packages_select_by_dep=None, packages_skip_by_dep=None, packages_skip_up_to=None, packages_select_build_failed=False, packages_skip_build_finished=False, packages_select_test_failures=False, packages_skip_test_passed=False, packages_select=None, packages_skip=None, packages_select_regex=None, packages_skip_regex=None, packages_start=None, packages_end=None, allow_overriding=[], cmake_args=None, cmake_target=None, cmake_target_skip_unavailable=False, cmake_clean_cache=False, cmake_clean_first=False, cmake_force_configure=False, ament_cmake_args=None, catkin_cmake_args=None, catkin_skip_building_tests=False, verb_parser=<colcon_defaults.argument_parser.defaults.DefaultArgumentsDecorator object at 0x7f75ced000a0>, verb_extension=<colcon_core.verb.build.BuildVerb object at 0x7f75cf1dbe50>, main=<bound method BuildVerb.main of <colcon_core.verb.build.BuildVerb object at 0x7f75cf1dbe50>>)
[4.134s] Level 1:colcon.colcon_core.package_discovery:discover_packages(colcon_meta) check parameters
[4.134s] Level 1:colcon.colcon_core.package_discovery:discover_packages(recursive) check parameters
[4.135s] Level 1:colcon.colcon_core.package_discovery:discover_packages(ignore) check parameters
[4.135s] Level 1:colcon.colcon_core.package_discovery:discover_packages(path) check parameters
[4.135s] Level 1:colcon.colcon_core.package_discovery:discover_packages(colcon_meta) discover
[4.135s] Level 1:colcon.colcon_core.package_discovery:discover_packages(recursive) discover
[4.135s] INFO:colcon.colcon_core.package_discovery:Crawling recursively for packages in '/home/omarsalah/grad_ws/src/my_bot'
[4.135s] Level 1:colcon.colcon_core.package_identification:_identify(.) by extensions ['ignore', 'ignore_ament_install']
[4.136s] Level 1:colcon.colcon_core.package_identification:_identify(.) by extension 'ignore'
[4.136s] Level 1:colcon.colcon_core.package_identification:_identify(.) by extension 'ignore_ament_install'
[4.136s] Level 1:colcon.colcon_core.package_identification:_identify(.) by extensions ['colcon_pkg']
[4.136s] Level 1:colcon.colcon_core.package_identification:_identify(.) by extension 'colcon_pkg'
[4.136s] Level 1:colcon.colcon_core.package_identification:_identify(.) by extensions ['colcon_meta']
[4.137s] Level 1:colcon.colcon_core.package_identification:_identify(.) by extension 'colcon_meta'
[4.137s] Level 1:colcon.colcon_core.package_identification:_identify(.) by extensions ['ros']
[4.137s] Level 1:colcon.colcon_core.package_identification:_identify(.) by extension 'ros'
[4.183s] DEBUG:colcon.colcon_core.package_identification:Package '.' with type 'ros.ament_cmake' and name 'my_bot'
[4.183s] Level 1:colcon.colcon_core.package_discovery:discover_packages(recursive) using defaults
[4.184s] Level 1:colcon.colcon_core.package_discovery:discover_packages(ignore) discover
[4.184s] Level 1:colcon.colcon_core.package_discovery:discover_packages(ignore) using defaults
[4.184s] Level 1:colcon.colcon_core.package_discovery:discover_packages(path) discover
[4.184s] Level 1:colcon.colcon_core.package_discovery:discover_packages(path) using defaults
[4.582s] Level 1:colcon.colcon_core.package_discovery:discover_packages(prefix_path) check parameters
[4.582s] Level 1:colcon.colcon_core.package_discovery:discover_packages(prefix_path) discover
[4.734s] DEBUG:colcon.colcon_installed_package_information.package_discovery:Found 1 installed packages in /home/omarsalah/grad_ws/src/my_bot/install
[4.793s] DEBUG:colcon.colcon_installed_package_information.package_discovery:Found 381 installed packages in /opt/ros/humble
[4.800s] Level 1:colcon.colcon_core.package_discovery:discover_packages(prefix_path) using defaults
[5.246s] Level 5:colcon.colcon_core.verb:set package 'my_bot' build argument 'cmake_args' from command line to 'None'
[5.246s] Level 5:colcon.colcon_core.verb:set package 'my_bot' build argument 'cmake_target' from command line to 'None'
[5.246s] Level 5:colcon.colcon_core.verb:set package 'my_bot' build argument 'cmake_target_skip_unavailable' from command line to 'False'
[5.246s] Level 5:colcon.colcon_core.verb:set package 'my_bot' build argument 'cmake_clean_cache' from command line to 'False'
[5.246s] Level 5:colcon.colcon_core.verb:set package 'my_bot' build argument 'cmake_clean_first' from command line to 'False'
[5.246s] Level 5:colcon.colcon_core.verb:set package 'my_bot' build argument 'cmake_force_configure' from command line to 'False'
[5.246s] Level 5:colcon.colcon_core.verb:set package 'my_bot' build argument 'ament_cmake_args' from command line to 'None'
[5.247s] Level 5:colcon.colcon_core.verb:set package 'my_bot' build argument 'catkin_cmake_args' from command line to 'None'
[5.247s] Level 5:colcon.colcon_core.verb:set package 'my_bot' build argument 'catkin_skip_building_tests' from command line to 'False'
[5.247s] DEBUG:colcon.colcon_core.verb:Building package 'my_bot' with the following arguments: {'ament_cmake_args': None, 'build_base': '/home/omarsalah/grad_ws/src/my_bot/build/my_bot', 'catkin_cmake_args': None, 'catkin_skip_building_tests': False, 'cmake_args': None, 'cmake_clean_cache': False, 'cmake_clean_first': False, 'cmake_force_configure': False, 'cmake_target': None, 'cmake_target_skip_unavailable': False, 'install_base': '/home/omarsalah/grad_ws/src/my_bot/install/my_bot', 'merge_install': False, 'path': '/home/omarsalah/grad_ws/src/my_bot', 'symlink_install': False, 'test_result_base': None}
[5.311s] INFO:colcon.colcon_core.executor:Executing jobs using 'parallel' executor
[5.360s] DEBUG:colcon.colcon_parallel_executor.executor.parallel:run_until_complete
[5.362s] INFO:colcon.colcon_ros.task.ament_cmake.build:Building ROS package in '/home/omarsalah/grad_ws/src/my_bot' with build type 'ament_cmake'
[5.362s] INFO:colcon.colcon_cmake.task.cmake.build:Building CMake package in '/home/omarsalah/grad_ws/src/my_bot'
[5.423s] INFO:colcon.colcon_core.plugin_system:Skipping extension 'colcon_core.shell.bat': Not used on non-Windows systems
[5.424s] INFO:colcon.colcon_core.shell:Skip shell extension 'powershell' for command environment: Not usable outside of PowerShell
[5.425s] DEBUG:colcon.colcon_core.shell:Skip shell extension 'dsv' for command environment
[5.637s] DEBUG:colcon.colcon_core.event_handler.log_command:Invoking command in '/home/omarsalah/grad_ws/src/my_bot/build/my_bot': CMAKE_PREFIX_PATH=${CMAKE_PREFIX_PATH}:/opt/ros/humble /usr/bin/cmake --build /home/omarsalah/grad_ws/src/my_bot/build/my_bot -- -j4 -l4
[5.731s] DEBUG:colcon.colcon_core.event_handler.log_command:Invoked command in '/home/omarsalah/grad_ws/src/my_bot/build/my_bot' returned '0': CMAKE_PREFIX_PATH=${CMAKE_PREFIX_PATH}:/opt/ros/humble /usr/bin/cmake --build /home/omarsalah/grad_ws/src/my_bot/build/my_bot -- -j4 -l4
[5.862s] DEBUG:colcon.colcon_core.event_handler.log_command:Invoking command in '/home/omarsalah/grad_ws/src/my_bot/build/my_bot': CMAKE_PREFIX_PATH=${CMAKE_PREFIX_PATH}:/opt/ros/humble /usr/bin/cmake --install /home/omarsalah/grad_ws/src/my_bot/build/my_bot
[5.958s] Level 1:colcon.colcon_core.environment:create_environment_scripts_only(my_bot)
[5.962s] DEBUG:colcon.colcon_core.event_handler.log_command:Invoked command in '/home/omarsalah/grad_ws/src/my_bot/build/my_bot' returned '0': CMAKE_PREFIX_PATH=${CMAKE_PREFIX_PATH}:/opt/ros/humble /usr/bin/cmake --install /home/omarsalah/grad_ws/src/my_bot/build/my_bot
[6.029s] Level 1:colcon.colcon_core.environment:checking '/home/omarsalah/grad_ws/src/my_bot/install/my_bot' for CMake module files
[6.030s] Level 1:colcon.colcon_core.environment:checking '/home/omarsalah/grad_ws/src/my_bot/install/my_bot' for CMake config files
[6.030s] Level 1:colcon.colcon_core.shell:create_environment_hook('my_bot', 'cmake_prefix_path')
[6.104s] INFO:colcon.colcon_core.shell:Creating environment hook '/home/omarsalah/grad_ws/src/my_bot/install/my_bot/share/my_bot/hook/cmake_prefix_path.ps1'
[6.106s] INFO:colcon.colcon_core.shell:Creating environment descriptor '/home/omarsalah/grad_ws/src/my_bot/install/my_bot/share/my_bot/hook/cmake_prefix_path.dsv'
[6.109s] INFO:colcon.colcon_core.shell:Creating environment hook '/home/omarsalah/grad_ws/src/my_bot/install/my_bot/share/my_bot/hook/cmake_prefix_path.sh'
[6.113s] Level 1:colcon.colcon_core.environment:checking '/home/omarsalah/grad_ws/src/my_bot/install/my_bot/bin'
[6.113s] Level 1:colcon.colcon_core.environment:checking '/home/omarsalah/grad_ws/src/my_bot/install/my_bot/lib/pkgconfig/my_bot.pc'
[6.114s] Level 1:colcon.colcon_core.environment:checking '/home/omarsalah/grad_ws/src/my_bot/install/my_bot/lib/python3.10/site-packages'
[6.115s] Level 1:colcon.colcon_core.environment:checking '/home/omarsalah/grad_ws/src/my_bot/install/my_bot/bin'
[6.168s] INFO:colcon.colcon_core.shell:Creating package script '/home/omarsalah/grad_ws/src/my_bot/install/my_bot/share/my_bot/package.ps1'
[6.170s] INFO:colcon.colcon_core.shell:Creating package descriptor '/home/omarsalah/grad_ws/src/my_bot/install/my_bot/share/my_bot/package.dsv'
[6.173s] INFO:colcon.colcon_core.shell:Creating package script '/home/omarsalah/grad_ws/src/my_bot/install/my_bot/share/my_bot/package.sh'
[6.178s] INFO:colcon.colcon_core.shell:Creating package script '/home/omarsalah/grad_ws/src/my_bot/install/my_bot/share/my_bot/package.bash'
[6.181s] INFO:colcon.colcon_core.shell:Creating package script '/home/omarsalah/grad_ws/src/my_bot/install/my_bot/share/my_bot/package.zsh'
[6.183s] Level 1:colcon.colcon_core.environment:create_file_with_runtime_dependencies(/home/omarsalah/grad_ws/src/my_bot/install/my_bot/share/colcon-core/packages/my_bot)
[6.352s] Level 1:colcon.colcon_core.environment:create_environment_scripts_only(my_bot)
[6.426s] Level 1:colcon.colcon_core.environment:checking '/home/omarsalah/grad_ws/src/my_bot/install/my_bot' for CMake module files
[6.428s] Level 1:colcon.colcon_core.environment:checking '/home/omarsalah/grad_ws/src/my_bot/install/my_bot' for CMake config files
[6.429s] Level 1:colcon.colcon_core.shell:create_environment_hook('my_bot', 'cmake_prefix_path')
[6.505s] INFO:colcon.colcon_core.shell:Creating environment hook '/home/omarsalah/grad_ws/src/my_bot/install/my_bot/share/my_bot/hook/cmake_prefix_path.ps1'
[6.509s] INFO:colcon.colcon_core.shell:Creating environment descriptor '/home/omarsalah/grad_ws/src/my_bot/install/my_bot/share/my_bot/hook/cmake_prefix_path.dsv'
[6.512s] INFO:colcon.colcon_core.shell:Creating environment hook '/home/omarsalah/grad_ws/src/my_bot/install/my_bot/share/my_bot/hook/cmake_prefix_path.sh'
[6.515s] Level 1:colcon.colcon_core.environment:checking '/home/omarsalah/grad_ws/src/my_bot/install/my_bot/bin'
[6.515s] Level 1:colcon.colcon_core.environment:checking '/home/omarsalah/grad_ws/src/my_bot/install/my_bot/lib/pkgconfig/my_bot.pc'
[6.516s] Level 1:colcon.colcon_core.environment:checking '/home/omarsalah/grad_ws/src/my_bot/install/my_bot/lib/python3.10/site-packages'
[6.516s] Level 1:colcon.colcon_core.environment:checking '/home/omarsalah/grad_ws/src/my_bot/install/my_bot/bin'
[6.572s] INFO:colcon.colcon_core.shell:Creating package script '/home/omarsalah/grad_ws/src/my_bot/install/my_bot/share/my_bot/package.ps1'
[6.575s] INFO:colcon.colcon_core.shell:Creating package descriptor '/home/omarsalah/grad_ws/src/my_bot/install/my_bot/share/my_bot/package.dsv'
[6.578s] INFO:colcon.colcon_core.shell:Creating package script '/home/omarsalah/grad_ws/src/my_bot/install/my_bot/share/my_bot/package.sh'
[6.580s] INFO:colcon.colcon_core.shell:Creating package script '/home/omarsalah/grad_ws/src/my_bot/install/my_bot/share/my_bot/package.bash'
[6.582s] INFO:colcon.colcon_core.shell:Creating package script '/home/omarsalah/grad_ws/src/my_bot/install/my_bot/share/my_bot/package.zsh'
[6.585s] Level 1:colcon.colcon_core.environment:create_file_with_runtime_dependencies(/home/omarsalah/grad_ws/src/my_bot/install/my_bot/share/colcon-core/packages/my_bot)
[6.587s] DEBUG:colcon.colcon_parallel_executor.executor.parallel:closing loop
[6.588s] DEBUG:colcon.colcon_parallel_executor.executor.parallel:loop closed
[6.589s] DEBUG:colcon.colcon_parallel_executor.executor.parallel:run_until_complete finished with '0'
[6.590s] DEBUG:colcon.colcon_core.event_reactor:joining thread
[6.663s] INFO:colcon.colcon_core.plugin_system:Skipping extension 'colcon_notification.desktop_notification.terminal_notifier': Not used on non-Darwin systems
[6.663s] INFO:colcon.colcon_core.plugin_system:Skipping extension 'colcon_notification.desktop_notification.win32': Not used on non-Windows systems
[6.663s] INFO:colcon.colcon_notification.desktop_notification:Sending desktop notification using 'notify2'
[6.702s] DEBUG:colcon.colcon_core.event_reactor:joined thread
[6.762s] INFO:colcon.colcon_core.shell:Creating prefix script '/home/omarsalah/grad_ws/src/my_bot/install/local_setup.ps1'
[6.765s] INFO:colcon.colcon_core.shell:Creating prefix util module '/home/omarsalah/grad_ws/src/my_bot/install/_local_setup_util_ps1.py'
[6.773s] INFO:colcon.colcon_core.shell:Creating prefix chain script '/home/omarsalah/grad_ws/src/my_bot/install/setup.ps1'
[6.829s] INFO:colcon.colcon_core.shell:Creating prefix script '/home/omarsalah/grad_ws/src/my_bot/install/local_setup.sh'
[6.831s] INFO:colcon.colcon_core.shell:Creating prefix util module '/home/omarsalah/grad_ws/src/my_bot/install/_local_setup_util_sh.py'
[6.833s] INFO:colcon.colcon_core.shell:Creating prefix chain script '/home/omarsalah/grad_ws/src/my_bot/install/setup.sh'
[6.890s] INFO:colcon.colcon_core.shell:Creating prefix script '/home/omarsalah/grad_ws/src/my_bot/install/local_setup.bash'
[6.893s] INFO:colcon.colcon_core.shell:Creating prefix chain script '/home/omarsalah/grad_ws/src/my_bot/install/setup.bash'
[6.941s] INFO:colcon.colcon_core.shell:Creating prefix script '/home/omarsalah/grad_ws/src/my_bot/install/local_setup.zsh'
[6.943s] INFO:colcon.colcon_core.shell:Creating prefix chain script '/home/omarsalah/grad_ws/src/my_bot/install/setup.zsh'
