[2.695s] DEBUG:colcon:Command line arguments: ['/usr/bin/colcon', 'build', '--symlink-']
[2.695s] DEBUG:colcon:Parsed command line arguments: Namespace(log_base=None, log_level=None, verb_name='build', build_base='build', install_base='install', merge_install=False, symlink_install=True, test_result_base=None, continue_on_error=False, executor='parallel', parallel_workers=4, event_handlers=None, ignore_user_meta=False, metas=['./colcon.meta'], base_paths=['.'], packages_ignore=None, packages_ignore_regex=None, paths=None, packages_up_to=None, packages_up_to_regex=None, packages_above=None, packages_above_and_dependencies=None, packages_above_depth=None, packages_select_by_dep=None, packages_skip_by_dep=None, packages_skip_up_to=None, packages_select_build_failed=False, packages_skip_build_finished=False, packages_select_test_failures=False, packages_skip_test_passed=False, packages_select=None, packages_skip=None, packages_select_regex=None, packages_skip_regex=None, packages_start=None, packages_end=None, allow_overriding=[], cmake_args=None, cmake_target=None, cmake_target_skip_unavailable=False, cmake_clean_cache=False, cmake_clean_first=False, cmake_force_configure=False, ament_cmake_args=None, catkin_cmake_args=None, catkin_skip_building_tests=False, verb_parser=<colcon_defaults.argument_parser.defaults.DefaultArgumentsDecorator object at 0x7f24baa6ed40>, verb_extension=<colcon_core.verb.build.BuildVerb object at 0x7f24baee3400>, main=<bound method BuildVerb.main of <colcon_core.verb.build.BuildVerb object at 0x7f24baee3400>>)
[3.209s] Level 1:colcon.colcon_core.package_discovery:discover_packages(colcon_meta) check parameters
[3.210s] Level 1:colcon.colcon_core.package_discovery:discover_packages(recursive) check parameters
[3.210s] Level 1:colcon.colcon_core.package_discovery:discover_packages(ignore) check parameters
[3.210s] Level 1:colcon.colcon_core.package_discovery:discover_packages(path) check parameters
[3.210s] Level 1:colcon.colcon_core.package_discovery:discover_packages(colcon_meta) discover
[3.210s] Level 1:colcon.colcon_core.package_discovery:discover_packages(recursive) discover
[3.210s] INFO:colcon.colcon_core.package_discovery:Crawling recursively for packages in '/home/omarsalah/grad_ws/src/my_bot'
[3.210s] Level 1:colcon.colcon_core.package_identification:_identify(.) by extensions ['ignore', 'ignore_ament_install']
[3.211s] Level 1:colcon.colcon_core.package_identification:_identify(.) by extension 'ignore'
[3.211s] Level 1:colcon.colcon_core.package_identification:_identify(.) by extension 'ignore_ament_install'
[3.211s] Level 1:colcon.colcon_core.package_identification:_identify(.) by extensions ['colcon_pkg']
[3.211s] Level 1:colcon.colcon_core.package_identification:_identify(.) by extension 'colcon_pkg'
[3.211s] Level 1:colcon.colcon_core.package_identification:_identify(.) by extensions ['colcon_meta']
[3.211s] Level 1:colcon.colcon_core.package_identification:_identify(.) by extension 'colcon_meta'
[3.211s] Level 1:colcon.colcon_core.package_identification:_identify(.) by extensions ['ros']
[3.212s] Level 1:colcon.colcon_core.package_identification:_identify(.) by extension 'ros'
[3.301s] DEBUG:colcon.colcon_core.package_identification:Package '.' with type 'ros.ament_cmake' and name 'my_bot'
[3.301s] Level 1:colcon.colcon_core.package_discovery:discover_packages(recursive) using defaults
[3.301s] Level 1:colcon.colcon_core.package_discovery:discover_packages(ignore) discover
[3.301s] Level 1:colcon.colcon_core.package_discovery:discover_packages(ignore) using defaults
[3.301s] Level 1:colcon.colcon_core.package_discovery:discover_packages(path) discover
[3.301s] Level 1:colcon.colcon_core.package_discovery:discover_packages(path) using defaults
[3.837s] Level 1:colcon.colcon_core.package_discovery:discover_packages(prefix_path) check parameters
[3.837s] Level 1:colcon.colcon_core.package_discovery:discover_packages(prefix_path) discover
[4.000s] DEBUG:colcon.colcon_installed_package_information.package_discovery:Found 381 installed packages in /opt/ros/humble
[4.005s] Level 1:colcon.colcon_core.package_discovery:discover_packages(prefix_path) using defaults
[4.282s] Level 5:colcon.colcon_core.verb:set package 'my_bot' build argument 'cmake_args' from command line to 'None'
[4.282s] Level 5:colcon.colcon_core.verb:set package 'my_bot' build argument 'cmake_target' from command line to 'None'
[4.282s] Level 5:colcon.colcon_core.verb:set package 'my_bot' build argument 'cmake_target_skip_unavailable' from command line to 'False'
[4.282s] Level 5:colcon.colcon_core.verb:set package 'my_bot' build argument 'cmake_clean_cache' from command line to 'False'
[4.282s] Level 5:colcon.colcon_core.verb:set package 'my_bot' build argument 'cmake_clean_first' from command line to 'False'
[4.282s] Level 5:colcon.colcon_core.verb:set package 'my_bot' build argument 'cmake_force_configure' from command line to 'False'
[4.282s] Level 5:colcon.colcon_core.verb:set package 'my_bot' build argument 'ament_cmake_args' from command line to 'None'
[4.282s] Level 5:colcon.colcon_core.verb:set package 'my_bot' build argument 'catkin_cmake_args' from command line to 'None'
[4.282s] Level 5:colcon.colcon_core.verb:set package 'my_bot' build argument 'catkin_skip_building_tests' from command line to 'False'
[4.282s] DEBUG:colcon.colcon_core.verb:Building package 'my_bot' with the following arguments: {'ament_cmake_args': None, 'build_base': '/home/omarsalah/grad_ws/src/my_bot/build/my_bot', 'catkin_cmake_args': None, 'catkin_skip_building_tests': False, 'cmake_args': None, 'cmake_clean_cache': False, 'cmake_clean_first': False, 'cmake_force_configure': False, 'cmake_target': None, 'cmake_target_skip_unavailable': False, 'install_base': '/home/omarsalah/grad_ws/src/my_bot/install/my_bot', 'merge_install': False, 'path': '/home/omarsalah/grad_ws/src/my_bot', 'symlink_install': True, 'test_result_base': None}
[4.317s] INFO:colcon.colcon_core.executor:Executing jobs using 'parallel' executor
[4.357s] DEBUG:colcon.colcon_parallel_executor.executor.parallel:run_until_complete
[4.357s] INFO:colcon.colcon_ros.task.ament_cmake.build:Building ROS package in '/home/omarsalah/grad_ws/src/my_bot' with build type 'ament_cmake'
[4.357s] INFO:colcon.colcon_cmake.task.cmake.build:Building CMake package in '/home/omarsalah/grad_ws/src/my_bot'
[4.447s] INFO:colcon.colcon_core.plugin_system:Skipping extension 'colcon_core.shell.bat': Not used on non-Windows systems
[4.447s] INFO:colcon.colcon_core.shell:Skip shell extension 'powershell' for command environment: Not usable outside of PowerShell
[4.447s] DEBUG:colcon.colcon_core.shell:Skip shell extension 'dsv' for command environment
[4.553s] DEBUG:colcon.colcon_core.event_handler.log_command:Invoking command in '/home/omarsalah/grad_ws/src/my_bot/build/my_bot': CMAKE_PREFIX_PATH=/opt/ros/humble /usr/bin/cmake /home/omarsalah/grad_ws/src/my_bot -DAMENT_CMAKE_SYMLINK_INSTALL=1 -DCMAKE_INSTALL_PREFIX=/home/omarsalah/grad_ws/src/my_bot/install/my_bot
[9.214s] DEBUG:colcon.colcon_core.event_handler.log_command:Invoked command in '/home/omarsalah/grad_ws/src/my_bot/build/my_bot' returned '0': CMAKE_PREFIX_PATH=/opt/ros/humble /usr/bin/cmake /home/omarsalah/grad_ws/src/my_bot -DAMENT_CMAKE_SYMLINK_INSTALL=1 -DCMAKE_INSTALL_PREFIX=/home/omarsalah/grad_ws/src/my_bot/install/my_bot
[9.217s] DEBUG:colcon.colcon_core.event_handler.log_command:Invoking command in '/home/omarsalah/grad_ws/src/my_bot/build/my_bot': CMAKE_PREFIX_PATH=/opt/ros/humble /usr/bin/cmake --build /home/omarsalah/grad_ws/src/my_bot/build/my_bot -- -j4 -l4
[9.266s] DEBUG:colcon.colcon_core.event_handler.log_command:Invoked command in '/home/omarsalah/grad_ws/src/my_bot/build/my_bot' returned '0': CMAKE_PREFIX_PATH=/opt/ros/humble /usr/bin/cmake --build /home/omarsalah/grad_ws/src/my_bot/build/my_bot -- -j4 -l4
[9.315s] DEBUG:colcon.colcon_core.event_handler.log_command:Invoking command in '/home/omarsalah/grad_ws/src/my_bot/build/my_bot': CMAKE_PREFIX_PATH=/opt/ros/humble /usr/bin/cmake --install /home/omarsalah/grad_ws/src/my_bot/build/my_bot
[9.592s] Level 1:colcon.colcon_core.environment:create_environment_scripts_only(my_bot)
[9.594s] DEBUG:colcon.colcon_core.event_handler.log_command:Invoked command in '/home/omarsalah/grad_ws/src/my_bot/build/my_bot' returned '0': CMAKE_PREFIX_PATH=/opt/ros/humble /usr/bin/cmake --install /home/omarsalah/grad_ws/src/my_bot/build/my_bot
[9.757s] Level 1:colcon.colcon_core.environment:checking '/home/omarsalah/grad_ws/src/my_bot/install/my_bot' for CMake module files
[9.757s] Level 1:colcon.colcon_core.environment:checking '/home/omarsalah/grad_ws/src/my_bot/install/my_bot' for CMake config files
[9.758s] Level 1:colcon.colcon_core.shell:create_environment_hook('my_bot', 'cmake_prefix_path')
[9.787s] INFO:colcon.colcon_core.shell:Creating environment hook '/home/omarsalah/grad_ws/src/my_bot/install/my_bot/share/my_bot/hook/cmake_prefix_path.ps1'
[9.800s] INFO:colcon.colcon_core.shell:Creating environment descriptor '/home/omarsalah/grad_ws/src/my_bot/install/my_bot/share/my_bot/hook/cmake_prefix_path.dsv'
[9.815s] INFO:colcon.colcon_core.shell:Creating environment hook '/home/omarsalah/grad_ws/src/my_bot/install/my_bot/share/my_bot/hook/cmake_prefix_path.sh'
[9.817s] Level 1:colcon.colcon_core.environment:checking '/home/omarsalah/grad_ws/src/my_bot/install/my_bot/bin'
[9.818s] Level 1:colcon.colcon_core.environment:checking '/home/omarsalah/grad_ws/src/my_bot/install/my_bot/lib/pkgconfig/my_bot.pc'
[9.818s] Level 1:colcon.colcon_core.environment:checking '/home/omarsalah/grad_ws/src/my_bot/install/my_bot/lib/python3.10/site-packages'
[9.819s] Level 1:colcon.colcon_core.environment:checking '/home/omarsalah/grad_ws/src/my_bot/install/my_bot/bin'
[9.848s] INFO:colcon.colcon_core.shell:Creating package script '/home/omarsalah/grad_ws/src/my_bot/install/my_bot/share/my_bot/package.ps1'
[9.850s] INFO:colcon.colcon_core.shell:Creating package descriptor '/home/omarsalah/grad_ws/src/my_bot/install/my_bot/share/my_bot/package.dsv'
[9.852s] INFO:colcon.colcon_core.shell:Creating package script '/home/omarsalah/grad_ws/src/my_bot/install/my_bot/share/my_bot/package.sh'
[9.854s] INFO:colcon.colcon_core.shell:Creating package script '/home/omarsalah/grad_ws/src/my_bot/install/my_bot/share/my_bot/package.bash'
[9.857s] INFO:colcon.colcon_core.shell:Creating package script '/home/omarsalah/grad_ws/src/my_bot/install/my_bot/share/my_bot/package.zsh'
[9.860s] Level 1:colcon.colcon_core.environment:create_file_with_runtime_dependencies(/home/omarsalah/grad_ws/src/my_bot/install/my_bot/share/colcon-core/packages/my_bot)
[9.925s] Level 1:colcon.colcon_core.environment:create_environment_scripts_only(my_bot)
[9.954s] Level 1:colcon.colcon_core.environment:checking '/home/omarsalah/grad_ws/src/my_bot/install/my_bot' for CMake module files
[9.955s] Level 1:colcon.colcon_core.environment:checking '/home/omarsalah/grad_ws/src/my_bot/install/my_bot' for CMake config files
[9.955s] Level 1:colcon.colcon_core.shell:create_environment_hook('my_bot', 'cmake_prefix_path')
[9.983s] INFO:colcon.colcon_core.shell:Creating environment hook '/home/omarsalah/grad_ws/src/my_bot/install/my_bot/share/my_bot/hook/cmake_prefix_path.ps1'
[9.984s] INFO:colcon.colcon_core.shell:Creating environment descriptor '/home/omarsalah/grad_ws/src/my_bot/install/my_bot/share/my_bot/hook/cmake_prefix_path.dsv'
[9.985s] INFO:colcon.colcon_core.shell:Creating environment hook '/home/omarsalah/grad_ws/src/my_bot/install/my_bot/share/my_bot/hook/cmake_prefix_path.sh'
[9.986s] Level 1:colcon.colcon_core.environment:checking '/home/omarsalah/grad_ws/src/my_bot/install/my_bot/bin'
[9.986s] Level 1:colcon.colcon_core.environment:checking '/home/omarsalah/grad_ws/src/my_bot/install/my_bot/lib/pkgconfig/my_bot.pc'
[9.986s] Level 1:colcon.colcon_core.environment:checking '/home/omarsalah/grad_ws/src/my_bot/install/my_bot/lib/python3.10/site-packages'
[9.988s] Level 1:colcon.colcon_core.environment:checking '/home/omarsalah/grad_ws/src/my_bot/install/my_bot/bin'
[10.020s] INFO:colcon.colcon_core.shell:Creating package script '/home/omarsalah/grad_ws/src/my_bot/install/my_bot/share/my_bot/package.ps1'
[10.020s] INFO:colcon.colcon_core.shell:Creating package descriptor '/home/omarsalah/grad_ws/src/my_bot/install/my_bot/share/my_bot/package.dsv'
[10.021s] INFO:colcon.colcon_core.shell:Creating package script '/home/omarsalah/grad_ws/src/my_bot/install/my_bot/share/my_bot/package.sh'
[10.022s] INFO:colcon.colcon_core.shell:Creating package script '/home/omarsalah/grad_ws/src/my_bot/install/my_bot/share/my_bot/package.bash'
[10.023s] INFO:colcon.colcon_core.shell:Creating package script '/home/omarsalah/grad_ws/src/my_bot/install/my_bot/share/my_bot/package.zsh'
[10.023s] Level 1:colcon.colcon_core.environment:create_file_with_runtime_dependencies(/home/omarsalah/grad_ws/src/my_bot/install/my_bot/share/colcon-core/packages/my_bot)
[10.024s] DEBUG:colcon.colcon_parallel_executor.executor.parallel:closing loop
[10.024s] DEBUG:colcon.colcon_parallel_executor.executor.parallel:loop closed
[10.024s] DEBUG:colcon.colcon_parallel_executor.executor.parallel:run_until_complete finished with '0'
[10.024s] DEBUG:colcon.colcon_core.event_reactor:joining thread
[10.099s] INFO:colcon.colcon_core.plugin_system:Skipping extension 'colcon_notification.desktop_notification.terminal_notifier': Not used on non-Darwin systems
[10.099s] INFO:colcon.colcon_core.plugin_system:Skipping extension 'colcon_notification.desktop_notification.win32': Not used on non-Windows systems
[10.100s] INFO:colcon.colcon_notification.desktop_notification:Sending desktop notification using 'notify2'
[10.136s] DEBUG:colcon.colcon_core.event_reactor:joined thread
[10.167s] INFO:colcon.colcon_core.shell:Creating prefix script '/home/omarsalah/grad_ws/src/my_bot/install/local_setup.ps1'
[10.170s] INFO:colcon.colcon_core.shell:Creating prefix util module '/home/omarsalah/grad_ws/src/my_bot/install/_local_setup_util_ps1.py'
[10.174s] INFO:colcon.colcon_core.shell:Creating prefix chain script '/home/omarsalah/grad_ws/src/my_bot/install/setup.ps1'
[10.232s] INFO:colcon.colcon_core.shell:Creating prefix script '/home/omarsalah/grad_ws/src/my_bot/install/local_setup.sh'
[10.236s] INFO:colcon.colcon_core.shell:Creating prefix util module '/home/omarsalah/grad_ws/src/my_bot/install/_local_setup_util_sh.py'
[10.237s] INFO:colcon.colcon_core.shell:Creating prefix chain script '/home/omarsalah/grad_ws/src/my_bot/install/setup.sh'
[10.289s] INFO:colcon.colcon_core.shell:Creating prefix script '/home/omarsalah/grad_ws/src/my_bot/install/local_setup.bash'
[10.299s] INFO:colcon.colcon_core.shell:Creating prefix chain script '/home/omarsalah/grad_ws/src/my_bot/install/setup.bash'
[10.355s] INFO:colcon.colcon_core.shell:Creating prefix script '/home/omarsalah/grad_ws/src/my_bot/install/local_setup.zsh'
[10.357s] INFO:colcon.colcon_core.shell:Creating prefix chain script '/home/omarsalah/grad_ws/src/my_bot/install/setup.zsh'
