[2.399s] DEBUG:colcon:Command line arguments: ['/usr/bin/colcon', 'build']
[2.400s] DEBUG:colcon:Parsed command line arguments: Namespace(log_base=None, log_level=None, verb_name='build', build_base='build', install_base='install', merge_install=False, symlink_install=False, test_result_base=None, continue_on_error=False, executor='parallel', parallel_workers=4, event_handlers=None, ignore_user_meta=False, metas=['./colcon.meta'], base_paths=['.'], packages_ignore=None, packages_ignore_regex=None, paths=None, packages_up_to=None, packages_up_to_regex=None, packages_above=None, packages_above_and_dependencies=None, packages_above_depth=None, packages_select_by_dep=None, packages_skip_by_dep=None, packages_skip_up_to=None, packages_select_build_failed=False, packages_skip_build_finished=False, packages_select_test_failures=False, packages_skip_test_passed=False, packages_select=None, packages_skip=None, packages_select_regex=None, packages_skip_regex=None, packages_start=None, packages_end=None, allow_overriding=[], cmake_args=None, cmake_target=None, cmake_target_skip_unavailable=False, cmake_clean_cache=False, cmake_clean_first=False, cmake_force_configure=False, ament_cmake_args=None, catkin_cmake_args=None, catkin_skip_building_tests=False, verb_parser=<colcon_defaults.argument_parser.defaults.DefaultArgumentsDecorator object at 0x7fb50b8462f0>, verb_extension=<colcon_core.verb.build.BuildVerb object at 0x7fb50bcefe50>, main=<bound method BuildVerb.main of <colcon_core.verb.build.BuildVerb object at 0x7fb50bcefe50>>)
[2.497s] Level 1:colcon.colcon_core.package_discovery:discover_packages(colcon_meta) check parameters
[2.497s] Level 1:colcon.colcon_core.package_discovery:discover_packages(recursive) check parameters
[2.497s] Level 1:colcon.colcon_core.package_discovery:discover_packages(ignore) check parameters
[2.497s] Level 1:colcon.colcon_core.package_discovery:discover_packages(path) check parameters
[2.498s] Level 1:colcon.colcon_core.package_discovery:discover_packages(colcon_meta) discover
[2.498s] Level 1:colcon.colcon_core.package_discovery:discover_packages(recursive) discover
[2.498s] INFO:colcon.colcon_core.package_discovery:Crawling recursively for packages in '/home/omarsalah/grad_ws/src/my_bot'
[2.498s] Level 1:colcon.colcon_core.package_identification:_identify(.) by extensions ['ignore', 'ignore_ament_install']
[2.498s] Level 1:colcon.colcon_core.package_identification:_identify(.) by extension 'ignore'
[2.498s] Level 1:colcon.colcon_core.package_identification:_identify(.) by extension 'ignore_ament_install'
[2.499s] Level 1:colcon.colcon_core.package_identification:_identify(.) by extensions ['colcon_pkg']
[2.499s] Level 1:colcon.colcon_core.package_identification:_identify(.) by extension 'colcon_pkg'
[2.499s] Level 1:colcon.colcon_core.package_identification:_identify(.) by extensions ['colcon_meta']
[2.499s] Level 1:colcon.colcon_core.package_identification:_identify(.) by extension 'colcon_meta'
[2.499s] Level 1:colcon.colcon_core.package_identification:_identify(.) by extensions ['ros']
[2.499s] Level 1:colcon.colcon_core.package_identification:_identify(.) by extension 'ros'
[2.524s] DEBUG:colcon.colcon_core.package_identification:Package '.' with type 'ros.ament_cmake' and name 'my_bot'
[2.524s] Level 1:colcon.colcon_core.package_discovery:discover_packages(recursive) using defaults
[2.525s] Level 1:colcon.colcon_core.package_discovery:discover_packages(ignore) discover
[2.525s] Level 1:colcon.colcon_core.package_discovery:discover_packages(ignore) using defaults
[2.525s] Level 1:colcon.colcon_core.package_discovery:discover_packages(path) discover
[2.525s] Level 1:colcon.colcon_core.package_discovery:discover_packages(path) using defaults
[2.739s] Level 1:colcon.colcon_core.package_discovery:discover_packages(prefix_path) check parameters
[2.739s] Level 1:colcon.colcon_core.package_discovery:discover_packages(prefix_path) discover
[2.840s] DEBUG:colcon.colcon_installed_package_information.package_discovery:Found 381 installed packages in /opt/ros/humble
[2.845s] Level 1:colcon.colcon_core.package_discovery:discover_packages(prefix_path) using defaults
[3.207s] Level 5:colcon.colcon_core.verb:set package 'my_bot' build argument 'cmake_args' from command line to 'None'
[3.207s] Level 5:colcon.colcon_core.verb:set package 'my_bot' build argument 'cmake_target' from command line to 'None'
[3.207s] Level 5:colcon.colcon_core.verb:set package 'my_bot' build argument 'cmake_target_skip_unavailable' from command line to 'False'
[3.207s] Level 5:colcon.colcon_core.verb:set package 'my_bot' build argument 'cmake_clean_cache' from command line to 'False'
[3.207s] Level 5:colcon.colcon_core.verb:set package 'my_bot' build argument 'cmake_clean_first' from command line to 'False'
[3.207s] Level 5:colcon.colcon_core.verb:set package 'my_bot' build argument 'cmake_force_configure' from command line to 'False'
[3.207s] Level 5:colcon.colcon_core.verb:set package 'my_bot' build argument 'ament_cmake_args' from command line to 'None'
[3.207s] Level 5:colcon.colcon_core.verb:set package 'my_bot' build argument 'catkin_cmake_args' from command line to 'None'
[3.207s] Level 5:colcon.colcon_core.verb:set package 'my_bot' build argument 'catkin_skip_building_tests' from command line to 'False'
[3.207s] DEBUG:colcon.colcon_core.verb:Building package 'my_bot' with the following arguments: {'ament_cmake_args': None, 'build_base': '/home/omarsalah/grad_ws/src/my_bot/build/my_bot', 'catkin_cmake_args': None, 'catkin_skip_building_tests': False, 'cmake_args': None, 'cmake_clean_cache': False, 'cmake_clean_first': False, 'cmake_force_configure': False, 'cmake_target': None, 'cmake_target_skip_unavailable': False, 'install_base': '/home/omarsalah/grad_ws/src/my_bot/install/my_bot', 'merge_install': False, 'path': '/home/omarsalah/grad_ws/src/my_bot', 'symlink_install': False, 'test_result_base': None}
[3.244s] INFO:colcon.colcon_core.executor:Executing jobs using 'parallel' executor
[3.278s] DEBUG:colcon.colcon_parallel_executor.executor.parallel:run_until_complete
[3.278s] INFO:colcon.colcon_ros.task.ament_cmake.build:Building ROS package in '/home/omarsalah/grad_ws/src/my_bot' with build type 'ament_cmake'
[3.278s] INFO:colcon.colcon_cmake.task.cmake.build:Building CMake package in '/home/omarsalah/grad_ws/src/my_bot'
[3.340s] INFO:colcon.colcon_core.plugin_system:Skipping extension 'colcon_core.shell.bat': Not used on non-Windows systems
[3.341s] INFO:colcon.colcon_core.shell:Skip shell extension 'powershell' for command environment: Not usable outside of PowerShell
[3.341s] DEBUG:colcon.colcon_core.shell:Skip shell extension 'dsv' for command environment
[3.459s] DEBUG:colcon.colcon_core.event_handler.log_command:Invoking command in '/home/omarsalah/grad_ws/src/my_bot/build/my_bot': CMAKE_PREFIX_PATH=/opt/ros/humble /usr/bin/cmake /home/omarsalah/grad_ws/src/my_bot -DCMAKE_INSTALL_PREFIX=/home/omarsalah/grad_ws/src/my_bot/install/my_bot
[4.198s] DEBUG:colcon.colcon_core.event_handler.log_command:Invoked command in '/home/omarsalah/grad_ws/src/my_bot/build/my_bot' returned '0': CMAKE_PREFIX_PATH=/opt/ros/humble /usr/bin/cmake /home/omarsalah/grad_ws/src/my_bot -DCMAKE_INSTALL_PREFIX=/home/omarsalah/grad_ws/src/my_bot/install/my_bot
[4.202s] DEBUG:colcon.colcon_core.event_handler.log_command:Invoking command in '/home/omarsalah/grad_ws/src/my_bot/build/my_bot': CMAKE_PREFIX_PATH=/opt/ros/humble /usr/bin/cmake --build /home/omarsalah/grad_ws/src/my_bot/build/my_bot -- -j4 -l4
[4.278s] DEBUG:colcon.colcon_core.event_handler.log_command:Invoked command in '/home/omarsalah/grad_ws/src/my_bot/build/my_bot' returned '0': CMAKE_PREFIX_PATH=/opt/ros/humble /usr/bin/cmake --build /home/omarsalah/grad_ws/src/my_bot/build/my_bot -- -j4 -l4
[4.352s] DEBUG:colcon.colcon_core.event_handler.log_command:Invoking command in '/home/omarsalah/grad_ws/src/my_bot/build/my_bot': CMAKE_PREFIX_PATH=/opt/ros/humble /usr/bin/cmake --install /home/omarsalah/grad_ws/src/my_bot/build/my_bot
[4.398s] Level 1:colcon.colcon_core.environment:create_environment_scripts_only(my_bot)
[4.400s] DEBUG:colcon.colcon_core.event_handler.log_command:Invoked command in '/home/omarsalah/grad_ws/src/my_bot/build/my_bot' returned '0': CMAKE_PREFIX_PATH=/opt/ros/humble /usr/bin/cmake --install /home/omarsalah/grad_ws/src/my_bot/build/my_bot
[4.443s] Level 1:colcon.colcon_core.environment:checking '/home/omarsalah/grad_ws/src/my_bot/install/my_bot' for CMake module files
[4.444s] Level 1:colcon.colcon_core.environment:checking '/home/omarsalah/grad_ws/src/my_bot/install/my_bot' for CMake config files
[4.444s] Level 1:colcon.colcon_core.shell:create_environment_hook('my_bot', 'cmake_prefix_path')
[4.485s] INFO:colcon.colcon_core.shell:Creating environment hook '/home/omarsalah/grad_ws/src/my_bot/install/my_bot/share/my_bot/hook/cmake_prefix_path.ps1'
[4.487s] INFO:colcon.colcon_core.shell:Creating environment descriptor '/home/omarsalah/grad_ws/src/my_bot/install/my_bot/share/my_bot/hook/cmake_prefix_path.dsv'
[4.488s] INFO:colcon.colcon_core.shell:Creating environment hook '/home/omarsalah/grad_ws/src/my_bot/install/my_bot/share/my_bot/hook/cmake_prefix_path.sh'
[4.491s] Level 1:colcon.colcon_core.environment:checking '/home/omarsalah/grad_ws/src/my_bot/install/my_bot/bin'
[4.491s] Level 1:colcon.colcon_core.environment:checking '/home/omarsalah/grad_ws/src/my_bot/install/my_bot/lib/pkgconfig/my_bot.pc'
[4.491s] Level 1:colcon.colcon_core.environment:checking '/home/omarsalah/grad_ws/src/my_bot/install/my_bot/lib/python3.10/site-packages'
[4.492s] Level 1:colcon.colcon_core.environment:checking '/home/omarsalah/grad_ws/src/my_bot/install/my_bot/bin'
[4.532s] INFO:colcon.colcon_core.shell:Creating package script '/home/omarsalah/grad_ws/src/my_bot/install/my_bot/share/my_bot/package.ps1'
[4.535s] INFO:colcon.colcon_core.shell:Creating package descriptor '/home/omarsalah/grad_ws/src/my_bot/install/my_bot/share/my_bot/package.dsv'
[4.537s] INFO:colcon.colcon_core.shell:Creating package script '/home/omarsalah/grad_ws/src/my_bot/install/my_bot/share/my_bot/package.sh'
[4.539s] INFO:colcon.colcon_core.shell:Creating package script '/home/omarsalah/grad_ws/src/my_bot/install/my_bot/share/my_bot/package.bash'
[4.541s] INFO:colcon.colcon_core.shell:Creating package script '/home/omarsalah/grad_ws/src/my_bot/install/my_bot/share/my_bot/package.zsh'
[4.543s] Level 1:colcon.colcon_core.environment:create_file_with_runtime_dependencies(/home/omarsalah/grad_ws/src/my_bot/install/my_bot/share/colcon-core/packages/my_bot)
[4.642s] Level 1:colcon.colcon_core.environment:create_environment_scripts_only(my_bot)
[4.692s] Level 1:colcon.colcon_core.environment:checking '/home/omarsalah/grad_ws/src/my_bot/install/my_bot' for CMake module files
[4.693s] Level 1:colcon.colcon_core.environment:checking '/home/omarsalah/grad_ws/src/my_bot/install/my_bot' for CMake config files
[4.694s] Level 1:colcon.colcon_core.shell:create_environment_hook('my_bot', 'cmake_prefix_path')
[4.743s] INFO:colcon.colcon_core.shell:Creating environment hook '/home/omarsalah/grad_ws/src/my_bot/install/my_bot/share/my_bot/hook/cmake_prefix_path.ps1'
[4.745s] INFO:colcon.colcon_core.shell:Creating environment descriptor '/home/omarsalah/grad_ws/src/my_bot/install/my_bot/share/my_bot/hook/cmake_prefix_path.dsv'
[4.746s] INFO:colcon.colcon_core.shell:Creating environment hook '/home/omarsalah/grad_ws/src/my_bot/install/my_bot/share/my_bot/hook/cmake_prefix_path.sh'
[4.749s] Level 1:colcon.colcon_core.environment:checking '/home/omarsalah/grad_ws/src/my_bot/install/my_bot/bin'
[4.750s] Level 1:colcon.colcon_core.environment:checking '/home/omarsalah/grad_ws/src/my_bot/install/my_bot/lib/pkgconfig/my_bot.pc'
[4.751s] Level 1:colcon.colcon_core.environment:checking '/home/omarsalah/grad_ws/src/my_bot/install/my_bot/lib/python3.10/site-packages'
[4.752s] Level 1:colcon.colcon_core.environment:checking '/home/omarsalah/grad_ws/src/my_bot/install/my_bot/bin'
[4.806s] INFO:colcon.colcon_core.shell:Creating package script '/home/omarsalah/grad_ws/src/my_bot/install/my_bot/share/my_bot/package.ps1'
[4.807s] INFO:colcon.colcon_core.shell:Creating package descriptor '/home/omarsalah/grad_ws/src/my_bot/install/my_bot/share/my_bot/package.dsv'
[4.809s] INFO:colcon.colcon_core.shell:Creating package script '/home/omarsalah/grad_ws/src/my_bot/install/my_bot/share/my_bot/package.sh'
[4.810s] INFO:colcon.colcon_core.shell:Creating package script '/home/omarsalah/grad_ws/src/my_bot/install/my_bot/share/my_bot/package.bash'
[4.812s] INFO:colcon.colcon_core.shell:Creating package script '/home/omarsalah/grad_ws/src/my_bot/install/my_bot/share/my_bot/package.zsh'
[4.813s] Level 1:colcon.colcon_core.environment:create_file_with_runtime_dependencies(/home/omarsalah/grad_ws/src/my_bot/install/my_bot/share/colcon-core/packages/my_bot)
[4.813s] DEBUG:colcon.colcon_parallel_executor.executor.parallel:closing loop
[4.814s] DEBUG:colcon.colcon_parallel_executor.executor.parallel:loop closed
[4.814s] DEBUG:colcon.colcon_parallel_executor.executor.parallel:run_until_complete finished with '0'
[4.814s] DEBUG:colcon.colcon_core.event_reactor:joining thread
[4.883s] INFO:colcon.colcon_core.plugin_system:Skipping extension 'colcon_notification.desktop_notification.terminal_notifier': Not used on non-Darwin systems
[4.883s] INFO:colcon.colcon_core.plugin_system:Skipping extension 'colcon_notification.desktop_notification.win32': Not used on non-Windows systems
[4.884s] INFO:colcon.colcon_notification.desktop_notification:Sending desktop notification using 'notify2'
[4.913s] DEBUG:colcon.colcon_core.event_reactor:joined thread
[4.966s] INFO:colcon.colcon_core.shell:Creating prefix script '/home/omarsalah/grad_ws/src/my_bot/install/local_setup.ps1'
[4.968s] INFO:colcon.colcon_core.shell:Creating prefix util module '/home/omarsalah/grad_ws/src/my_bot/install/_local_setup_util_ps1.py'
[4.975s] INFO:colcon.colcon_core.shell:Creating prefix chain script '/home/omarsalah/grad_ws/src/my_bot/install/setup.ps1'
[5.027s] INFO:colcon.colcon_core.shell:Creating prefix script '/home/omarsalah/grad_ws/src/my_bot/install/local_setup.sh'
[5.028s] INFO:colcon.colcon_core.shell:Creating prefix util module '/home/omarsalah/grad_ws/src/my_bot/install/_local_setup_util_sh.py'
[5.029s] INFO:colcon.colcon_core.shell:Creating prefix chain script '/home/omarsalah/grad_ws/src/my_bot/install/setup.sh'
[5.075s] INFO:colcon.colcon_core.shell:Creating prefix script '/home/omarsalah/grad_ws/src/my_bot/install/local_setup.bash'
[5.076s] INFO:colcon.colcon_core.shell:Creating prefix chain script '/home/omarsalah/grad_ws/src/my_bot/install/setup.bash'
[5.115s] INFO:colcon.colcon_core.shell:Creating prefix script '/home/omarsalah/grad_ws/src/my_bot/install/local_setup.zsh'
[5.117s] INFO:colcon.colcon_core.shell:Creating prefix chain script '/home/omarsalah/grad_ws/src/my_bot/install/setup.zsh'
