[2.306s] DEBUG:colcon:Command line arguments: ['/usr/bin/colcon', 'build', '--symlink-install']
[2.307s] DEBUG:colcon:Parsed command line arguments: Namespace(log_base=None, log_level=None, verb_name='build', build_base='build', install_base='install', merge_install=False, symlink_install=True, test_result_base=None, continue_on_error=False, executor='parallel', parallel_workers=4, event_handlers=None, ignore_user_meta=False, metas=['./colcon.meta'], base_paths=['.'], packages_ignore=None, packages_ignore_regex=None, paths=None, packages_up_to=None, packages_up_to_regex=None, packages_above=None, packages_above_and_dependencies=None, packages_above_depth=None, packages_select_by_dep=None, packages_skip_by_dep=None, packages_skip_up_to=None, packages_select_build_failed=False, packages_skip_build_finished=False, packages_select_test_failures=False, packages_skip_test_passed=False, packages_select=None, packages_skip=None, packages_select_regex=None, packages_skip_regex=None, packages_start=None, packages_end=None, allow_overriding=[], cmake_args=None, cmake_target=None, cmake_target_skip_unavailable=False, cmake_clean_cache=False, cmake_clean_first=False, cmake_force_configure=False, ament_cmake_args=None, catkin_cmake_args=None, catkin_skip_building_tests=False, verb_parser=<colcon_defaults.argument_parser.defaults.DefaultArgumentsDecorator object at 0x7fed281a9b40>, verb_extension=<colcon_core.verb.build.BuildVerb object at 0x7fed28487400>, main=<bound method BuildVerb.main of <colcon_core.verb.build.BuildVerb object at 0x7fed28487400>>)
[2.406s] Level 1:colcon.colcon_core.package_discovery:discover_packages(colcon_meta) check parameters
[2.407s] Level 1:colcon.colcon_core.package_discovery:discover_packages(recursive) check parameters
[2.407s] Level 1:colcon.colcon_core.package_discovery:discover_packages(ignore) check parameters
[2.408s] Level 1:colcon.colcon_core.package_discovery:discover_packages(path) check parameters
[2.408s] Level 1:colcon.colcon_core.package_discovery:discover_packages(colcon_meta) discover
[2.408s] Level 1:colcon.colcon_core.package_discovery:discover_packages(recursive) discover
[2.409s] INFO:colcon.colcon_core.package_discovery:Crawling recursively for packages in '/home/omarsalah/grad_ws/src/my_bot'
[2.409s] Level 1:colcon.colcon_core.package_identification:_identify(.) by extensions ['ignore', 'ignore_ament_install']
[2.410s] Level 1:colcon.colcon_core.package_identification:_identify(.) by extension 'ignore'
[2.410s] Level 1:colcon.colcon_core.package_identification:_identify(.) by extension 'ignore_ament_install'
[2.411s] Level 1:colcon.colcon_core.package_identification:_identify(.) by extensions ['colcon_pkg']
[2.411s] Level 1:colcon.colcon_core.package_identification:_identify(.) by extension 'colcon_pkg'
[2.411s] Level 1:colcon.colcon_core.package_identification:_identify(.) by extensions ['colcon_meta']
[2.411s] Level 1:colcon.colcon_core.package_identification:_identify(.) by extension 'colcon_meta'
[2.412s] Level 1:colcon.colcon_core.package_identification:_identify(.) by extensions ['ros']
[2.412s] Level 1:colcon.colcon_core.package_identification:_identify(.) by extension 'ros'
[2.439s] DEBUG:colcon.colcon_core.package_identification:Package '.' with type 'ros.ament_cmake' and name 'my_bot'
[2.440s] Level 1:colcon.colcon_core.package_discovery:discover_packages(recursive) using defaults
[2.440s] Level 1:colcon.colcon_core.package_discovery:discover_packages(ignore) discover
[2.441s] Level 1:colcon.colcon_core.package_discovery:discover_packages(ignore) using defaults
[2.441s] Level 1:colcon.colcon_core.package_discovery:discover_packages(path) discover
[2.441s] Level 1:colcon.colcon_core.package_discovery:discover_packages(path) using defaults
[2.654s] Level 1:colcon.colcon_core.package_discovery:discover_packages(prefix_path) check parameters
[2.655s] Level 1:colcon.colcon_core.package_discovery:discover_packages(prefix_path) discover
[2.737s] DEBUG:colcon.colcon_installed_package_information.package_discovery:Found 1 installed packages in /home/omarsalah/grad_ws/src/my_bot/install
[2.768s] DEBUG:colcon.colcon_installed_package_information.package_discovery:Found 3 installed packages in /home/omarsalah/install
[2.802s] DEBUG:colcon.colcon_installed_package_information.package_discovery:Found 1 installed packages in /home/omarsalah/grad_ws/install
[2.837s] DEBUG:colcon.colcon_installed_package_information.package_discovery:Found 381 installed packages in /opt/ros/humble
[2.842s] Level 1:colcon.colcon_core.package_discovery:discover_packages(prefix_path) using defaults
[3.203s] Level 5:colcon.colcon_core.verb:set package 'my_bot' build argument 'cmake_args' from command line to 'None'
[3.203s] Level 5:colcon.colcon_core.verb:set package 'my_bot' build argument 'cmake_target' from command line to 'None'
[3.203s] Level 5:colcon.colcon_core.verb:set package 'my_bot' build argument 'cmake_target_skip_unavailable' from command line to 'False'
[3.204s] Level 5:colcon.colcon_core.verb:set package 'my_bot' build argument 'cmake_clean_cache' from command line to 'False'
[3.204s] Level 5:colcon.colcon_core.verb:set package 'my_bot' build argument 'cmake_clean_first' from command line to 'False'
[3.204s] Level 5:colcon.colcon_core.verb:set package 'my_bot' build argument 'cmake_force_configure' from command line to 'False'
[3.204s] Level 5:colcon.colcon_core.verb:set package 'my_bot' build argument 'ament_cmake_args' from command line to 'None'
[3.204s] Level 5:colcon.colcon_core.verb:set package 'my_bot' build argument 'catkin_cmake_args' from command line to 'None'
[3.204s] Level 5:colcon.colcon_core.verb:set package 'my_bot' build argument 'catkin_skip_building_tests' from command line to 'False'
[3.204s] DEBUG:colcon.colcon_core.verb:Building package 'my_bot' with the following arguments: {'ament_cmake_args': None, 'build_base': '/home/omarsalah/grad_ws/src/my_bot/build/my_bot', 'catkin_cmake_args': None, 'catkin_skip_building_tests': False, 'cmake_args': None, 'cmake_clean_cache': False, 'cmake_clean_first': False, 'cmake_force_configure': False, 'cmake_target': None, 'cmake_target_skip_unavailable': False, 'install_base': '/home/omarsalah/grad_ws/src/my_bot/install/my_bot', 'merge_install': False, 'path': '/home/omarsalah/grad_ws/src/my_bot', 'symlink_install': True, 'test_result_base': None}
[3.237s] INFO:colcon.colcon_core.executor:Executing jobs using 'parallel' executor
[3.270s] DEBUG:colcon.colcon_parallel_executor.executor.parallel:run_until_complete
[3.270s] INFO:colcon.colcon_ros.task.ament_cmake.build:Building ROS package in '/home/omarsalah/grad_ws/src/my_bot' with build type 'ament_cmake'
[3.270s] INFO:colcon.colcon_cmake.task.cmake.build:Building CMake package in '/home/omarsalah/grad_ws/src/my_bot'
[3.310s] INFO:colcon.colcon_core.plugin_system:Skipping extension 'colcon_core.shell.bat': Not used on non-Windows systems
[3.311s] INFO:colcon.colcon_core.shell:Skip shell extension 'powershell' for command environment: Not usable outside of PowerShell
[3.311s] DEBUG:colcon.colcon_core.shell:Skip shell extension 'dsv' for command environment
[3.540s] DEBUG:colcon.colcon_core.event_handler.log_command:Invoking command in '/home/omarsalah/grad_ws/src/my_bot/build/my_bot': CMAKE_PREFIX_PATH=${CMAKE_PREFIX_PATH}:/home/omarsalah/install/ros2_motion:/home/omarsalah/install/py_pubsub:/opt/ros/humble /usr/bin/cmake /home/omarsalah/grad_ws/src/my_bot -DAMENT_CMAKE_SYMLINK_INSTALL=1 -DCMAKE_INSTALL_PREFIX=/home/omarsalah/grad_ws/src/my_bot/install/my_bot
[4.198s] DEBUG:colcon.colcon_core.event_handler.log_command:Invoked command in '/home/omarsalah/grad_ws/src/my_bot/build/my_bot' returned '0': CMAKE_PREFIX_PATH=${CMAKE_PREFIX_PATH}:/home/omarsalah/install/ros2_motion:/home/omarsalah/install/py_pubsub:/opt/ros/humble /usr/bin/cmake /home/omarsalah/grad_ws/src/my_bot -DAMENT_CMAKE_SYMLINK_INSTALL=1 -DCMAKE_INSTALL_PREFIX=/home/omarsalah/grad_ws/src/my_bot/install/my_bot
[4.203s] DEBUG:colcon.colcon_core.event_handler.log_command:Invoking command in '/home/omarsalah/grad_ws/src/my_bot/build/my_bot': CMAKE_PREFIX_PATH=${CMAKE_PREFIX_PATH}:/home/omarsalah/install/ros2_motion:/home/omarsalah/install/py_pubsub:/opt/ros/humble /usr/bin/cmake --build /home/omarsalah/grad_ws/src/my_bot/build/my_bot -- -j4 -l4
[4.277s] DEBUG:colcon.colcon_core.event_handler.log_command:Invoked command in '/home/omarsalah/grad_ws/src/my_bot/build/my_bot' returned '0': CMAKE_PREFIX_PATH=${CMAKE_PREFIX_PATH}:/home/omarsalah/install/ros2_motion:/home/omarsalah/install/py_pubsub:/opt/ros/humble /usr/bin/cmake --build /home/omarsalah/grad_ws/src/my_bot/build/my_bot -- -j4 -l4
[4.342s] DEBUG:colcon.colcon_core.event_handler.log_command:Invoking command in '/home/omarsalah/grad_ws/src/my_bot/build/my_bot': CMAKE_PREFIX_PATH=${CMAKE_PREFIX_PATH}:/home/omarsalah/install/ros2_motion:/home/omarsalah/install/py_pubsub:/opt/ros/humble /usr/bin/cmake --install /home/omarsalah/grad_ws/src/my_bot/build/my_bot
[4.384s] Level 1:colcon.colcon_core.environment:create_environment_scripts_only(my_bot)
[4.386s] DEBUG:colcon.colcon_core.event_handler.log_command:Invoked command in '/home/omarsalah/grad_ws/src/my_bot/build/my_bot' returned '0': CMAKE_PREFIX_PATH=${CMAKE_PREFIX_PATH}:/home/omarsalah/install/ros2_motion:/home/omarsalah/install/py_pubsub:/opt/ros/humble /usr/bin/cmake --install /home/omarsalah/grad_ws/src/my_bot/build/my_bot
[4.428s] Level 1:colcon.colcon_core.environment:checking '/home/omarsalah/grad_ws/src/my_bot/install/my_bot' for CMake module files
[4.429s] Level 1:colcon.colcon_core.environment:checking '/home/omarsalah/grad_ws/src/my_bot/install/my_bot' for CMake config files
[4.430s] Level 1:colcon.colcon_core.shell:create_environment_hook('my_bot', 'cmake_prefix_path')
[4.466s] INFO:colcon.colcon_core.shell:Creating environment hook '/home/omarsalah/grad_ws/src/my_bot/install/my_bot/share/my_bot/hook/cmake_prefix_path.ps1'
[4.469s] INFO:colcon.colcon_core.shell:Creating environment descriptor '/home/omarsalah/grad_ws/src/my_bot/install/my_bot/share/my_bot/hook/cmake_prefix_path.dsv'
[4.470s] INFO:colcon.colcon_core.shell:Creating environment hook '/home/omarsalah/grad_ws/src/my_bot/install/my_bot/share/my_bot/hook/cmake_prefix_path.sh'
[4.473s] Level 1:colcon.colcon_core.environment:checking '/home/omarsalah/grad_ws/src/my_bot/install/my_bot/bin'
[4.474s] Level 1:colcon.colcon_core.environment:checking '/home/omarsalah/grad_ws/src/my_bot/install/my_bot/lib/pkgconfig/my_bot.pc'
[4.474s] Level 1:colcon.colcon_core.environment:checking '/home/omarsalah/grad_ws/src/my_bot/install/my_bot/lib/python3.10/site-packages'
[4.475s] Level 1:colcon.colcon_core.environment:checking '/home/omarsalah/grad_ws/src/my_bot/install/my_bot/bin'
[4.510s] INFO:colcon.colcon_core.shell:Creating package script '/home/omarsalah/grad_ws/src/my_bot/install/my_bot/share/my_bot/package.ps1'
[4.513s] INFO:colcon.colcon_core.shell:Creating package descriptor '/home/omarsalah/grad_ws/src/my_bot/install/my_bot/share/my_bot/package.dsv'
[4.516s] INFO:colcon.colcon_core.shell:Creating package script '/home/omarsalah/grad_ws/src/my_bot/install/my_bot/share/my_bot/package.sh'
[4.519s] INFO:colcon.colcon_core.shell:Creating package script '/home/omarsalah/grad_ws/src/my_bot/install/my_bot/share/my_bot/package.bash'
[4.524s] INFO:colcon.colcon_core.shell:Creating package script '/home/omarsalah/grad_ws/src/my_bot/install/my_bot/share/my_bot/package.zsh'
[4.528s] Level 1:colcon.colcon_core.environment:create_file_with_runtime_dependencies(/home/omarsalah/grad_ws/src/my_bot/install/my_bot/share/colcon-core/packages/my_bot)
[4.617s] Level 1:colcon.colcon_core.environment:create_environment_scripts_only(my_bot)
[4.655s] Level 1:colcon.colcon_core.environment:checking '/home/omarsalah/grad_ws/src/my_bot/install/my_bot' for CMake module files
[4.656s] Level 1:colcon.colcon_core.environment:checking '/home/omarsalah/grad_ws/src/my_bot/install/my_bot' for CMake config files
[4.657s] Level 1:colcon.colcon_core.shell:create_environment_hook('my_bot', 'cmake_prefix_path')
[4.692s] INFO:colcon.colcon_core.shell:Creating environment hook '/home/omarsalah/grad_ws/src/my_bot/install/my_bot/share/my_bot/hook/cmake_prefix_path.ps1'
[4.693s] INFO:colcon.colcon_core.shell:Creating environment descriptor '/home/omarsalah/grad_ws/src/my_bot/install/my_bot/share/my_bot/hook/cmake_prefix_path.dsv'
[4.694s] INFO:colcon.colcon_core.shell:Creating environment hook '/home/omarsalah/grad_ws/src/my_bot/install/my_bot/share/my_bot/hook/cmake_prefix_path.sh'
[4.696s] Level 1:colcon.colcon_core.environment:checking '/home/omarsalah/grad_ws/src/my_bot/install/my_bot/bin'
[4.696s] Level 1:colcon.colcon_core.environment:checking '/home/omarsalah/grad_ws/src/my_bot/install/my_bot/lib/pkgconfig/my_bot.pc'
[4.697s] Level 1:colcon.colcon_core.environment:checking '/home/omarsalah/grad_ws/src/my_bot/install/my_bot/lib/python3.10/site-packages'
[4.698s] Level 1:colcon.colcon_core.environment:checking '/home/omarsalah/grad_ws/src/my_bot/install/my_bot/bin'
[4.745s] INFO:colcon.colcon_core.shell:Creating package script '/home/omarsalah/grad_ws/src/my_bot/install/my_bot/share/my_bot/package.ps1'
[4.746s] INFO:colcon.colcon_core.shell:Creating package descriptor '/home/omarsalah/grad_ws/src/my_bot/install/my_bot/share/my_bot/package.dsv'
[4.747s] INFO:colcon.colcon_core.shell:Creating package script '/home/omarsalah/grad_ws/src/my_bot/install/my_bot/share/my_bot/package.sh'
[4.748s] INFO:colcon.colcon_core.shell:Creating package script '/home/omarsalah/grad_ws/src/my_bot/install/my_bot/share/my_bot/package.bash'
[4.749s] INFO:colcon.colcon_core.shell:Creating package script '/home/omarsalah/grad_ws/src/my_bot/install/my_bot/share/my_bot/package.zsh'
[4.751s] Level 1:colcon.colcon_core.environment:create_file_with_runtime_dependencies(/home/omarsalah/grad_ws/src/my_bot/install/my_bot/share/colcon-core/packages/my_bot)
[4.753s] DEBUG:colcon.colcon_parallel_executor.executor.parallel:closing loop
[4.754s] DEBUG:colcon.colcon_parallel_executor.executor.parallel:loop closed
[4.754s] DEBUG:colcon.colcon_parallel_executor.executor.parallel:run_until_complete finished with '0'
[4.754s] DEBUG:colcon.colcon_core.event_reactor:joining thread
[4.828s] INFO:colcon.colcon_core.plugin_system:Skipping extension 'colcon_notification.desktop_notification.terminal_notifier': Not used on non-Darwin systems
[4.829s] INFO:colcon.colcon_core.plugin_system:Skipping extension 'colcon_notification.desktop_notification.win32': Not used on non-Windows systems
[4.829s] INFO:colcon.colcon_notification.desktop_notification:Sending desktop notification using 'notify2'
[4.855s] DEBUG:colcon.colcon_core.event_reactor:joined thread
[4.910s] INFO:colcon.colcon_core.shell:Creating prefix script '/home/omarsalah/grad_ws/src/my_bot/install/local_setup.ps1'
[4.913s] INFO:colcon.colcon_core.shell:Creating prefix util module '/home/omarsalah/grad_ws/src/my_bot/install/_local_setup_util_ps1.py'
[4.921s] INFO:colcon.colcon_core.shell:Creating prefix chain script '/home/omarsalah/grad_ws/src/my_bot/install/setup.ps1'
[4.982s] INFO:colcon.colcon_core.shell:Creating prefix script '/home/omarsalah/grad_ws/src/my_bot/install/local_setup.sh'
[4.986s] INFO:colcon.colcon_core.shell:Creating prefix util module '/home/omarsalah/grad_ws/src/my_bot/install/_local_setup_util_sh.py'
[4.987s] INFO:colcon.colcon_core.shell:Creating prefix chain script '/home/omarsalah/grad_ws/src/my_bot/install/setup.sh'
[5.029s] INFO:colcon.colcon_core.shell:Creating prefix script '/home/omarsalah/grad_ws/src/my_bot/install/local_setup.bash'
[5.030s] INFO:colcon.colcon_core.shell:Creating prefix chain script '/home/omarsalah/grad_ws/src/my_bot/install/setup.bash'
[5.067s] INFO:colcon.colcon_core.shell:Creating prefix script '/home/omarsalah/grad_ws/src/my_bot/install/local_setup.zsh'
[5.068s] INFO:colcon.colcon_core.shell:Creating prefix chain script '/home/omarsalah/grad_ws/src/my_bot/install/setup.zsh'
