[0.178s] Invoking command in '/home/omarsalah/grad_ws/src/my_bot/build/my_bot': CMAKE_PREFIX_PATH=/opt/ros/humble /usr/bin/cmake /home/omarsalah/grad_ws/src/my_bot -DCMAKE_INSTALL_PREFIX=/home/omarsalah/grad_ws/src/my_bot/install/my_bot
[0.215s] -- Found ament_cmake: 1.3.5 (/opt/ros/humble/share/ament_cmake/cmake)
[0.563s] -- Override CMake install command with custom implementation using symlinks instead of copying resources
[0.582s] -- Found ament_lint_auto: 0.12.8 (/opt/ros/humble/share/ament_lint_auto/cmake)
[0.740s] -- Added test 'copyright' to check source files copyright and LICENSE
[0.781s] -- Added test 'cppcheck' to perform static code analysis on C / C++ code
[0.782s] -- Configured cppcheck include dirs: 
[0.782s] -- Configured cppcheck exclude dirs and/or files: 
[0.829s] -- Added test 'cpplint' to check C / C++ code against the Google style
[0.829s] -- Configured cpplint exclude dirs and/or files: 
[0.838s] -- Added test 'flake8' to check Python code syntax and style conventions
[0.848s] -- Added test 'lint_cmake' to check CMake code style
[0.855s] -- Added test 'pep257' to check Python code against some of the docstring style conventions in PEP 257
[0.892s] -- Added test 'uncrustify' to check C / C++ code style
[0.892s] -- Configured uncrustify additional arguments: 
[0.896s] -- Added test 'xmllint' to check XML markup files
[0.901s] -- Configuring done
[0.907s] -- Generating done
[0.911s] -- Build files have been written to: /home/omarsalah/grad_ws/src/my_bot/build/my_bot
[0.917s] Invoked command in '/home/omarsalah/grad_ws/src/my_bot/build/my_bot' returned '0': CMAKE_PREFIX_PATH=/opt/ros/humble /usr/bin/cmake /home/omarsalah/grad_ws/src/my_bot -DCMAKE_INSTALL_PREFIX=/home/omarsalah/grad_ws/src/my_bot/install/my_bot
[0.921s] Invoking command in '/home/omarsalah/grad_ws/src/my_bot/build/my_bot': CMAKE_PREFIX_PATH=/opt/ros/humble /usr/bin/cmake --build /home/omarsalah/grad_ws/src/my_bot/build/my_bot -- -j4 -l4
[0.997s] Invoked command in '/home/omarsalah/grad_ws/src/my_bot/build/my_bot' returned '0': CMAKE_PREFIX_PATH=/opt/ros/humble /usr/bin/cmake --build /home/omarsalah/grad_ws/src/my_bot/build/my_bot -- -j4 -l4
[1.070s] Invoking command in '/home/omarsalah/grad_ws/src/my_bot/build/my_bot': CMAKE_PREFIX_PATH=/opt/ros/humble /usr/bin/cmake --install /home/omarsalah/grad_ws/src/my_bot/build/my_bot
[1.083s] -- Install configuration: ""
[1.086s] -- Execute custom install script
[1.086s] -- Up-to-date symlink: /home/omarsalah/grad_ws/src/my_bot/install/my_bot/share/my_bot/config/empty.yaml
[1.087s] -- Up-to-date symlink: /home/omarsalah/grad_ws/src/my_bot/install/my_bot/share/my_bot/config/view_bot.rviz
[1.087s] -- Up-to-date symlink: /home/omarsalah/grad_ws/src/my_bot/install/my_bot/share/my_bot/description/inertial_macros.xacro
[1.088s] -- Up-to-date symlink: /home/omarsalah/grad_ws/src/my_bot/install/my_bot/share/my_bot/description/robot.urdf.xacro
[1.088s] -- Up-to-date symlink: /home/omarsalah/grad_ws/src/my_bot/install/my_bot/share/my_bot/description/robot_core.xacro
[1.089s] -- Up-to-date symlink: /home/omarsalah/grad_ws/src/my_bot/install/my_bot/share/my_bot/launch/rsp.launch.py
[1.089s] -- Up-to-date symlink: /home/omarsalah/grad_ws/src/my_bot/install/my_bot/share/my_bot/worlds/empty.world
[1.090s] -- Up-to-date symlink: /home/omarsalah/grad_ws/src/my_bot/install/my_bot/share/ament_index/resource_index/package_run_dependencies/my_bot
[1.091s] -- Up-to-date symlink: /home/omarsalah/grad_ws/src/my_bot/install/my_bot/share/ament_index/resource_index/parent_prefix_path/my_bot
[1.091s] -- Up-to-date symlink: /home/omarsalah/grad_ws/src/my_bot/install/my_bot/share/my_bot/environment/ament_prefix_path.sh
[1.092s] -- Up-to-date symlink: /home/omarsalah/grad_ws/src/my_bot/install/my_bot/share/my_bot/environment/ament_prefix_path.dsv
[1.092s] -- Up-to-date symlink: /home/omarsalah/grad_ws/src/my_bot/install/my_bot/share/my_bot/environment/path.sh
[1.093s] -- Up-to-date symlink: /home/omarsalah/grad_ws/src/my_bot/install/my_bot/share/my_bot/environment/path.dsv
[1.093s] -- Up-to-date symlink: /home/omarsalah/grad_ws/src/my_bot/install/my_bot/share/my_bot/local_setup.bash
[1.094s] -- Up-to-date symlink: /home/omarsalah/grad_ws/src/my_bot/install/my_bot/share/my_bot/local_setup.sh
[1.095s] -- Up-to-date symlink: /home/omarsalah/grad_ws/src/my_bot/install/my_bot/share/my_bot/local_setup.zsh
[1.095s] -- Up-to-date symlink: /home/omarsalah/grad_ws/src/my_bot/install/my_bot/share/my_bot/local_setup.dsv
[1.096s] -- Symlinking: /home/omarsalah/grad_ws/src/my_bot/install/my_bot/share/my_bot/package.dsv
[1.112s] -- Up-to-date symlink: /home/omarsalah/grad_ws/src/my_bot/install/my_bot/share/ament_index/resource_index/packages/my_bot
[1.113s] -- Up-to-date symlink: /home/omarsalah/grad_ws/src/my_bot/install/my_bot/share/my_bot/cmake/my_botConfig.cmake
[1.114s] -- Up-to-date symlink: /home/omarsalah/grad_ws/src/my_bot/install/my_bot/share/my_bot/cmake/my_botConfig-version.cmake
[1.114s] -- Up-to-date symlink: /home/omarsalah/grad_ws/src/my_bot/install/my_bot/share/my_bot/package.xml
[1.119s] Invoked command in '/home/omarsalah/grad_ws/src/my_bot/build/my_bot' returned '0': CMAKE_PREFIX_PATH=/opt/ros/humble /usr/bin/cmake --install /home/omarsalah/grad_ws/src/my_bot/build/my_bot
