[0.276s] Invoking command in '/home/omarsalah/grad_ws/src/my_bot/build/my_bot': CMAKE_PREFIX_PATH=${CMAKE_PREFIX_PATH}:/opt/ros/humble /usr/bin/cmake /home/omarsalah/grad_ws/src/my_bot -DCMAKE_INSTALL_PREFIX=/home/omarsalah/grad_ws/src/my_bot/install/my_bot
[0.308s] -- Found ament_cmake: 1.3.5 (/opt/ros/humble/share/ament_cmake/cmake)
[0.777s] -- Override CMake install command with custom implementation using symlinks instead of copying resources
[0.804s] -- Found ament_lint_auto: 0.12.8 (/opt/ros/humble/share/ament_lint_auto/cmake)
[1.044s] -- Added test 'copyright' to check source files copyright and LICENSE
[1.069s] -- Added test 'cppcheck' to perform static code analysis on C / C++ code
[1.069s] -- Configured cppcheck include dirs: 
[1.069s] -- Configured cppcheck exclude dirs and/or files: 
[1.096s] -- Added test 'cpplint' to check C / C++ code against the Google style
[1.096s] -- Configured cpplint exclude dirs and/or files: 
[1.101s] -- Added test 'flake8' to check Python code syntax and style conventions
[1.112s] -- Added test 'lint_cmake' to check CMake code style
[1.113s] -- Added test 'pep257' to check Python code against some of the docstring style conventions in PEP 257
[1.145s] -- Added test 'uncrustify' to check C / C++ code style
[1.145s] -- Configured uncrustify additional arguments: 
[1.149s] -- Added test 'xmllint' to check XML markup files
[1.151s] -- Configuring done
[1.159s] -- Generating done
[1.163s] -- Build files have been written to: /home/omarsalah/grad_ws/src/my_bot/build/my_bot
[1.176s] Invoked command in '/home/omarsalah/grad_ws/src/my_bot/build/my_bot' returned '0': CMAKE_PREFIX_PATH=${CMAKE_PREFIX_PATH}:/opt/ros/humble /usr/bin/cmake /home/omarsalah/grad_ws/src/my_bot -DCMAKE_INSTALL_PREFIX=/home/omarsalah/grad_ws/src/my_bot/install/my_bot
[1.181s] Invoking command in '/home/omarsalah/grad_ws/src/my_bot/build/my_bot': CMAKE_PREFIX_PATH=${CMAKE_PREFIX_PATH}:/opt/ros/humble /usr/bin/cmake --build /home/omarsalah/grad_ws/src/my_bot/build/my_bot -- -j4 -l4
[1.301s] Invoked command in '/home/omarsalah/grad_ws/src/my_bot/build/my_bot' returned '0': CMAKE_PREFIX_PATH=${CMAKE_PREFIX_PATH}:/opt/ros/humble /usr/bin/cmake --build /home/omarsalah/grad_ws/src/my_bot/build/my_bot -- -j4 -l4
[1.445s] Invoking command in '/home/omarsalah/grad_ws/src/my_bot/build/my_bot': CMAKE_PREFIX_PATH=${CMAKE_PREFIX_PATH}:/opt/ros/humble /usr/bin/cmake --install /home/omarsalah/grad_ws/src/my_bot/build/my_bot
[1.475s] -- Install configuration: ""
[1.482s] -- Execute custom install script
[1.482s] -- Up-to-date symlink: /home/omarsalah/grad_ws/src/my_bot/install/my_bot/share/my_bot/config/empty.yaml
[1.483s] -- Up-to-date symlink: /home/omarsalah/grad_ws/src/my_bot/install/my_bot/share/my_bot/description/robot.urdf.xacro
[1.483s] -- Up-to-date symlink: /home/omarsalah/grad_ws/src/my_bot/install/my_bot/share/my_bot/description/robot_core.xacro
[1.483s] -- Up-to-date symlink: /home/omarsalah/grad_ws/src/my_bot/install/my_bot/share/my_bot/launch/rsp.launch.py
[1.488s] -- Up-to-date symlink: /home/omarsalah/grad_ws/src/my_bot/install/my_bot/share/my_bot/worlds/empty.world
[1.491s] -- Up-to-date symlink: /home/omarsalah/grad_ws/src/my_bot/install/my_bot/share/ament_index/resource_index/package_run_dependencies/my_bot
[1.493s] -- Up-to-date symlink: /home/omarsalah/grad_ws/src/my_bot/install/my_bot/share/ament_index/resource_index/parent_prefix_path/my_bot
[1.496s] -- Up-to-date symlink: /home/omarsalah/grad_ws/src/my_bot/install/my_bot/share/my_bot/environment/ament_prefix_path.sh
[1.496s] -- Up-to-date symlink: /home/omarsalah/grad_ws/src/my_bot/install/my_bot/share/my_bot/environment/ament_prefix_path.dsv
[1.497s] -- Up-to-date symlink: /home/omarsalah/grad_ws/src/my_bot/install/my_bot/share/my_bot/environment/path.sh
[1.499s] -- Up-to-date symlink: /home/omarsalah/grad_ws/src/my_bot/install/my_bot/share/my_bot/environment/path.dsv
[1.505s] -- Up-to-date symlink: /home/omarsalah/grad_ws/src/my_bot/install/my_bot/share/my_bot/local_setup.bash
[1.508s] -- Up-to-date symlink: /home/omarsalah/grad_ws/src/my_bot/install/my_bot/share/my_bot/local_setup.sh
[1.510s] -- Up-to-date symlink: /home/omarsalah/grad_ws/src/my_bot/install/my_bot/share/my_bot/local_setup.zsh
[1.511s] -- Up-to-date symlink: /home/omarsalah/grad_ws/src/my_bot/install/my_bot/share/my_bot/local_setup.dsv
[1.516s] -- Symlinking: /home/omarsalah/grad_ws/src/my_bot/install/my_bot/share/my_bot/package.dsv
[1.542s] -- Up-to-date symlink: /home/omarsalah/grad_ws/src/my_bot/install/my_bot/share/ament_index/resource_index/packages/my_bot
[1.542s] -- Up-to-date symlink: /home/omarsalah/grad_ws/src/my_bot/install/my_bot/share/my_bot/cmake/my_botConfig.cmake
[1.547s] -- Up-to-date symlink: /home/omarsalah/grad_ws/src/my_bot/install/my_bot/share/my_bot/cmake/my_botConfig-version.cmake
[1.552s] -- Up-to-date symlink: /home/omarsalah/grad_ws/src/my_bot/install/my_bot/share/my_bot/package.xml
[1.574s] Invoked command in '/home/omarsalah/grad_ws/src/my_bot/build/my_bot' returned '0': CMAKE_PREFIX_PATH=${CMAKE_PREFIX_PATH}:/opt/ros/humble /usr/bin/cmake --install /home/omarsalah/grad_ws/src/my_bot/build/my_bot
