[2.698s] DEBUG:colcon:Command line arguments: ['/usr/bin/colcon', 'build']
[2.698s] DEBUG:colcon:Parsed command line arguments: Namespace(log_base=None, log_level=None, verb_name='build', build_base='build', install_base='install', merge_install=False, symlink_install=False, test_result_base=None, continue_on_error=False, executor='parallel', parallel_workers=4, event_handlers=None, ignore_user_meta=False, metas=['./colcon.meta'], base_paths=['.'], packages_ignore=None, packages_ignore_regex=None, paths=None, packages_up_to=None, packages_up_to_regex=None, packages_above=None, packages_above_and_dependencies=None, packages_above_depth=None, packages_select_by_dep=None, packages_skip_by_dep=None, packages_skip_up_to=None, packages_select_build_failed=False, packages_skip_build_finished=False, packages_select_test_failures=False, packages_skip_test_passed=False, packages_select=None, packages_skip=None, packages_select_regex=None, packages_skip_regex=None, packages_start=None, packages_end=None, allow_overriding=[], cmake_args=None, cmake_target=None, cmake_target_skip_unavailable=False, cmake_clean_cache=False, cmake_clean_first=False, cmake_force_configure=False, ament_cmake_args=None, catkin_cmake_args=None, catkin_skip_building_tests=False, verb_parser=<colcon_defaults.argument_parser.defaults.DefaultArgumentsDecorator object at 0x7fa5b6fcda20>, verb_extension=<colcon_core.verb.build.BuildVerb object at 0x7fa5b73f7e50>, main=<bound method BuildVerb.main of <colcon_core.verb.build.BuildVerb object at 0x7fa5b73f7e50>>)
[2.814s] Level 1:colcon.colcon_core.package_discovery:discover_packages(colcon_meta) check parameters
[2.815s] Level 1:colcon.colcon_core.package_discovery:discover_packages(recursive) check parameters
[2.815s] Level 1:colcon.colcon_core.package_discovery:discover_packages(ignore) check parameters
[2.815s] Level 1:colcon.colcon_core.package_discovery:discover_packages(path) check parameters
[2.815s] Level 1:colcon.colcon_core.package_discovery:discover_packages(colcon_meta) discover
[2.815s] Level 1:colcon.colcon_core.package_discovery:discover_packages(recursive) discover
[2.815s] INFO:colcon.colcon_core.package_discovery:Crawling recursively for packages in '/home/omarsalah/grad_ws/src/my_bot'
[2.815s] Level 1:colcon.colcon_core.package_identification:_identify(.) by extensions ['ignore', 'ignore_ament_install']
[2.815s] Level 1:colcon.colcon_core.package_identification:_identify(.) by extension 'ignore'
[2.815s] Level 1:colcon.colcon_core.package_identification:_identify(.) by extension 'ignore_ament_install'
[2.815s] Level 1:colcon.colcon_core.package_identification:_identify(.) by extensions ['colcon_pkg']
[2.815s] Level 1:colcon.colcon_core.package_identification:_identify(.) by extension 'colcon_pkg'
[2.816s] Level 1:colcon.colcon_core.package_identification:_identify(.) by extensions ['colcon_meta']
[2.816s] Level 1:colcon.colcon_core.package_identification:_identify(.) by extension 'colcon_meta'
[2.816s] Level 1:colcon.colcon_core.package_identification:_identify(.) by extensions ['ros']
[2.816s] Level 1:colcon.colcon_core.package_identification:_identify(.) by extension 'ros'
[2.846s] DEBUG:colcon.colcon_core.package_identification:Package '.' with type 'ros.ament_cmake' and name 'my_bot'
[2.846s] Level 1:colcon.colcon_core.package_discovery:discover_packages(recursive) using defaults
[2.846s] Level 1:colcon.colcon_core.package_discovery:discover_packages(ignore) discover
[2.847s] Level 1:colcon.colcon_core.package_discovery:discover_packages(ignore) using defaults
[2.847s] Level 1:colcon.colcon_core.package_discovery:discover_packages(path) discover
[2.847s] Level 1:colcon.colcon_core.package_discovery:discover_packages(path) using defaults
[3.081s] Level 1:colcon.colcon_core.package_discovery:discover_packages(prefix_path) check parameters
[3.081s] Level 1:colcon.colcon_core.package_discovery:discover_packages(prefix_path) discover
[3.177s] DEBUG:colcon.colcon_installed_package_information.package_discovery:Found 1 installed packages in /home/omarsalah/grad_ws/src/my_bot/install
[3.217s] DEBUG:colcon.colcon_installed_package_information.package_discovery:Found 381 installed packages in /opt/ros/humble
[3.224s] Level 1:colcon.colcon_core.package_discovery:discover_packages(prefix_path) using defaults
[3.609s] Level 5:colcon.colcon_core.verb:set package 'my_bot' build argument 'cmake_args' from command line to 'None'
[3.609s] Level 5:colcon.colcon_core.verb:set package 'my_bot' build argument 'cmake_target' from command line to 'None'
[3.609s] Level 5:colcon.colcon_core.verb:set package 'my_bot' build argument 'cmake_target_skip_unavailable' from command line to 'False'
[3.609s] Level 5:colcon.colcon_core.verb:set package 'my_bot' build argument 'cmake_clean_cache' from command line to 'False'
[3.609s] Level 5:colcon.colcon_core.verb:set package 'my_bot' build argument 'cmake_clean_first' from command line to 'False'
[3.609s] Level 5:colcon.colcon_core.verb:set package 'my_bot' build argument 'cmake_force_configure' from command line to 'False'
[3.609s] Level 5:colcon.colcon_core.verb:set package 'my_bot' build argument 'ament_cmake_args' from command line to 'None'
[3.609s] Level 5:colcon.colcon_core.verb:set package 'my_bot' build argument 'catkin_cmake_args' from command line to 'None'
[3.609s] Level 5:colcon.colcon_core.verb:set package 'my_bot' build argument 'catkin_skip_building_tests' from command line to 'False'
[3.609s] DEBUG:colcon.colcon_core.verb:Building package 'my_bot' with the following arguments: {'ament_cmake_args': None, 'build_base': '/home/omarsalah/grad_ws/src/my_bot/build/my_bot', 'catkin_cmake_args': None, 'catkin_skip_building_tests': False, 'cmake_args': None, 'cmake_clean_cache': False, 'cmake_clean_first': False, 'cmake_force_configure': False, 'cmake_target': None, 'cmake_target_skip_unavailable': False, 'install_base': '/home/omarsalah/grad_ws/src/my_bot/install/my_bot', 'merge_install': False, 'path': '/home/omarsalah/grad_ws/src/my_bot', 'symlink_install': False, 'test_result_base': None}
[3.657s] INFO:colcon.colcon_core.executor:Executing jobs using 'parallel' executor
[3.693s] DEBUG:colcon.colcon_parallel_executor.executor.parallel:run_until_complete
[3.694s] INFO:colcon.colcon_ros.task.ament_cmake.build:Building ROS package in '/home/omarsalah/grad_ws/src/my_bot' with build type 'ament_cmake'
[3.694s] INFO:colcon.colcon_cmake.task.cmake.build:Building CMake package in '/home/omarsalah/grad_ws/src/my_bot'
[3.769s] INFO:colcon.colcon_core.plugin_system:Skipping extension 'colcon_core.shell.bat': Not used on non-Windows systems
[3.771s] INFO:colcon.colcon_core.shell:Skip shell extension 'powershell' for command environment: Not usable outside of PowerShell
[3.772s] DEBUG:colcon.colcon_core.shell:Skip shell extension 'dsv' for command environment
[3.963s] DEBUG:colcon.colcon_core.event_handler.log_command:Invoking command in '/home/omarsalah/grad_ws/src/my_bot/build/my_bot': CMAKE_PREFIX_PATH=${CMAKE_PREFIX_PATH}:/opt/ros/humble /usr/bin/cmake --build /home/omarsalah/grad_ws/src/my_bot/build/my_bot -- -j4 -l4
[4.047s] DEBUG:colcon.colcon_core.event_handler.log_command:Invoked command in '/home/omarsalah/grad_ws/src/my_bot/build/my_bot' returned '0': CMAKE_PREFIX_PATH=${CMAKE_PREFIX_PATH}:/opt/ros/humble /usr/bin/cmake --build /home/omarsalah/grad_ws/src/my_bot/build/my_bot -- -j4 -l4
[4.125s] DEBUG:colcon.colcon_core.event_handler.log_command:Invoking command in '/home/omarsalah/grad_ws/src/my_bot/build/my_bot': CMAKE_PREFIX_PATH=${CMAKE_PREFIX_PATH}:/opt/ros/humble /usr/bin/cmake --install /home/omarsalah/grad_ws/src/my_bot/build/my_bot
[4.203s] Level 1:colcon.colcon_core.environment:create_environment_scripts_only(my_bot)
[4.203s] DEBUG:colcon.colcon_core.event_handler.log_command:Invoked command in '/home/omarsalah/grad_ws/src/my_bot/build/my_bot' returned '0': CMAKE_PREFIX_PATH=${CMAKE_PREFIX_PATH}:/opt/ros/humble /usr/bin/cmake --install /home/omarsalah/grad_ws/src/my_bot/build/my_bot
[4.253s] Level 1:colcon.colcon_core.environment:checking '/home/omarsalah/grad_ws/src/my_bot/install/my_bot' for CMake module files
[4.255s] Level 1:colcon.colcon_core.environment:checking '/home/omarsalah/grad_ws/src/my_bot/install/my_bot' for CMake config files
[4.256s] Level 1:colcon.colcon_core.shell:create_environment_hook('my_bot', 'cmake_prefix_path')
[4.295s] INFO:colcon.colcon_core.shell:Creating environment hook '/home/omarsalah/grad_ws/src/my_bot/install/my_bot/share/my_bot/hook/cmake_prefix_path.ps1'
[4.296s] INFO:colcon.colcon_core.shell:Creating environment descriptor '/home/omarsalah/grad_ws/src/my_bot/install/my_bot/share/my_bot/hook/cmake_prefix_path.dsv'
[4.297s] INFO:colcon.colcon_core.shell:Creating environment hook '/home/omarsalah/grad_ws/src/my_bot/install/my_bot/share/my_bot/hook/cmake_prefix_path.sh'
[4.299s] Level 1:colcon.colcon_core.environment:checking '/home/omarsalah/grad_ws/src/my_bot/install/my_bot/bin'
[4.300s] Level 1:colcon.colcon_core.environment:checking '/home/omarsalah/grad_ws/src/my_bot/install/my_bot/lib/pkgconfig/my_bot.pc'
[4.300s] Level 1:colcon.colcon_core.environment:checking '/home/omarsalah/grad_ws/src/my_bot/install/my_bot/lib/python3.10/site-packages'
[4.300s] Level 1:colcon.colcon_core.environment:checking '/home/omarsalah/grad_ws/src/my_bot/install/my_bot/bin'
[4.340s] INFO:colcon.colcon_core.shell:Creating package script '/home/omarsalah/grad_ws/src/my_bot/install/my_bot/share/my_bot/package.ps1'
[4.343s] INFO:colcon.colcon_core.shell:Creating package descriptor '/home/omarsalah/grad_ws/src/my_bot/install/my_bot/share/my_bot/package.dsv'
[4.345s] INFO:colcon.colcon_core.shell:Creating package script '/home/omarsalah/grad_ws/src/my_bot/install/my_bot/share/my_bot/package.sh'
[4.348s] INFO:colcon.colcon_core.shell:Creating package script '/home/omarsalah/grad_ws/src/my_bot/install/my_bot/share/my_bot/package.bash'
[4.352s] INFO:colcon.colcon_core.shell:Creating package script '/home/omarsalah/grad_ws/src/my_bot/install/my_bot/share/my_bot/package.zsh'
[4.355s] Level 1:colcon.colcon_core.environment:create_file_with_runtime_dependencies(/home/omarsalah/grad_ws/src/my_bot/install/my_bot/share/colcon-core/packages/my_bot)
[4.456s] Level 1:colcon.colcon_core.environment:create_environment_scripts_only(my_bot)
[4.495s] Level 1:colcon.colcon_core.environment:checking '/home/omarsalah/grad_ws/src/my_bot/install/my_bot' for CMake module files
[4.496s] Level 1:colcon.colcon_core.environment:checking '/home/omarsalah/grad_ws/src/my_bot/install/my_bot' for CMake config files
[4.496s] Level 1:colcon.colcon_core.shell:create_environment_hook('my_bot', 'cmake_prefix_path')
[4.540s] INFO:colcon.colcon_core.shell:Creating environment hook '/home/omarsalah/grad_ws/src/my_bot/install/my_bot/share/my_bot/hook/cmake_prefix_path.ps1'
[4.542s] INFO:colcon.colcon_core.shell:Creating environment descriptor '/home/omarsalah/grad_ws/src/my_bot/install/my_bot/share/my_bot/hook/cmake_prefix_path.dsv'
[4.543s] INFO:colcon.colcon_core.shell:Creating environment hook '/home/omarsalah/grad_ws/src/my_bot/install/my_bot/share/my_bot/hook/cmake_prefix_path.sh'
[4.544s] Level 1:colcon.colcon_core.environment:checking '/home/omarsalah/grad_ws/src/my_bot/install/my_bot/bin'
[4.545s] Level 1:colcon.colcon_core.environment:checking '/home/omarsalah/grad_ws/src/my_bot/install/my_bot/lib/pkgconfig/my_bot.pc'
[4.545s] Level 1:colcon.colcon_core.environment:checking '/home/omarsalah/grad_ws/src/my_bot/install/my_bot/lib/python3.10/site-packages'
[4.547s] Level 1:colcon.colcon_core.environment:checking '/home/omarsalah/grad_ws/src/my_bot/install/my_bot/bin'
[4.604s] INFO:colcon.colcon_core.shell:Creating package script '/home/omarsalah/grad_ws/src/my_bot/install/my_bot/share/my_bot/package.ps1'
[4.606s] INFO:colcon.colcon_core.shell:Creating package descriptor '/home/omarsalah/grad_ws/src/my_bot/install/my_bot/share/my_bot/package.dsv'
[4.607s] INFO:colcon.colcon_core.shell:Creating package script '/home/omarsalah/grad_ws/src/my_bot/install/my_bot/share/my_bot/package.sh'
[4.609s] INFO:colcon.colcon_core.shell:Creating package script '/home/omarsalah/grad_ws/src/my_bot/install/my_bot/share/my_bot/package.bash'
[4.611s] INFO:colcon.colcon_core.shell:Creating package script '/home/omarsalah/grad_ws/src/my_bot/install/my_bot/share/my_bot/package.zsh'
[4.616s] Level 1:colcon.colcon_core.environment:create_file_with_runtime_dependencies(/home/omarsalah/grad_ws/src/my_bot/install/my_bot/share/colcon-core/packages/my_bot)
[4.617s] DEBUG:colcon.colcon_parallel_executor.executor.parallel:closing loop
[4.617s] DEBUG:colcon.colcon_parallel_executor.executor.parallel:loop closed
[4.617s] DEBUG:colcon.colcon_parallel_executor.executor.parallel:run_until_complete finished with '0'
[4.617s] DEBUG:colcon.colcon_core.event_reactor:joining thread
[4.724s] INFO:colcon.colcon_core.plugin_system:Skipping extension 'colcon_notification.desktop_notification.terminal_notifier': Not used on non-Darwin systems
[4.725s] INFO:colcon.colcon_core.plugin_system:Skipping extension 'colcon_notification.desktop_notification.win32': Not used on non-Windows systems
[4.725s] INFO:colcon.colcon_notification.desktop_notification:Sending desktop notification using 'notify2'
[4.788s] DEBUG:colcon.colcon_core.event_reactor:joined thread
[4.855s] INFO:colcon.colcon_core.shell:Creating prefix script '/home/omarsalah/grad_ws/src/my_bot/install/local_setup.ps1'
[4.857s] INFO:colcon.colcon_core.shell:Creating prefix util module '/home/omarsalah/grad_ws/src/my_bot/install/_local_setup_util_ps1.py'
[4.861s] INFO:colcon.colcon_core.shell:Creating prefix chain script '/home/omarsalah/grad_ws/src/my_bot/install/setup.ps1'
[4.917s] INFO:colcon.colcon_core.shell:Creating prefix script '/home/omarsalah/grad_ws/src/my_bot/install/local_setup.sh'
[4.919s] INFO:colcon.colcon_core.shell:Creating prefix util module '/home/omarsalah/grad_ws/src/my_bot/install/_local_setup_util_sh.py'
[4.920s] INFO:colcon.colcon_core.shell:Creating prefix chain script '/home/omarsalah/grad_ws/src/my_bot/install/setup.sh'
[4.966s] INFO:colcon.colcon_core.shell:Creating prefix script '/home/omarsalah/grad_ws/src/my_bot/install/local_setup.bash'
[4.967s] INFO:colcon.colcon_core.shell:Creating prefix chain script '/home/omarsalah/grad_ws/src/my_bot/install/setup.bash'
[5.020s] INFO:colcon.colcon_core.shell:Creating prefix script '/home/omarsalah/grad_ws/src/my_bot/install/local_setup.zsh'
[5.021s] INFO:colcon.colcon_core.shell:Creating prefix chain script '/home/omarsalah/grad_ws/src/my_bot/install/setup.zsh'
