[0.291s] Invoking command in '/home/omarsalah/grad_ws/src/my_bot/build/my_bot': CMAKE_PREFIX_PATH=${CMAKE_PREFIX_PATH}:/opt/ros/humble /usr/bin/cmake --build /home/omarsalah/grad_ws/src/my_bot/build/my_bot -- -j4 -l4
[0.372s] Invoked command in '/home/omarsalah/grad_ws/src/my_bot/build/my_bot' returned '0': CMAKE_PREFIX_PATH=${CMAKE_PREFIX_PATH}:/opt/ros/humble /usr/bin/cmake --build /home/omarsalah/grad_ws/src/my_bot/build/my_bot -- -j4 -l4
[0.468s] Invoking command in '/home/omarsalah/grad_ws/src/my_bot/build/my_bot': CMAKE_PREFIX_PATH=${CMAKE_PREFIX_PATH}:/opt/ros/humble /usr/bin/cmake --install /home/omarsalah/grad_ws/src/my_bot/build/my_bot
[0.486s] -- Install configuration: ""
[0.488s] -- Execute custom install script
[0.488s] -- Up-to-date symlink: /home/omarsalah/grad_ws/src/my_bot/install/my_bot/share/my_bot/config/empty.yaml
[0.488s] -- Up-to-date symlink: /home/omarsalah/grad_ws/src/my_bot/install/my_bot/share/my_bot/description/robot.urdf.xacro
[0.489s] -- Up-to-date symlink: /home/omarsalah/grad_ws/src/my_bot/install/my_bot/share/my_bot/description/robot_core.xacro
[0.492s] -- Up-to-date symlink: /home/omarsalah/grad_ws/src/my_bot/install/my_bot/share/my_bot/launch/rsp.launch.py
[0.492s] -- Up-to-date symlink: /home/omarsalah/grad_ws/src/my_bot/install/my_bot/share/my_bot/worlds/empty.world
[0.493s] -- Up-to-date symlink: /home/omarsalah/grad_ws/src/my_bot/install/my_bot/share/ament_index/resource_index/package_run_dependencies/my_bot
[0.493s] -- Up-to-date symlink: /home/omarsalah/grad_ws/src/my_bot/install/my_bot/share/ament_index/resource_index/parent_prefix_path/my_bot
[0.493s] -- Up-to-date symlink: /home/omarsalah/grad_ws/src/my_bot/install/my_bot/share/my_bot/environment/ament_prefix_path.sh
[0.493s] -- Up-to-date symlink: /home/omarsalah/grad_ws/src/my_bot/install/my_bot/share/my_bot/environment/ament_prefix_path.dsv
[0.494s] -- Up-to-date symlink: /home/omarsalah/grad_ws/src/my_bot/install/my_bot/share/my_bot/environment/path.sh
[0.496s] -- Up-to-date symlink: /home/omarsalah/grad_ws/src/my_bot/install/my_bot/share/my_bot/environment/path.dsv
[0.496s] -- Up-to-date symlink: /home/omarsalah/grad_ws/src/my_bot/install/my_bot/share/my_bot/local_setup.bash
[0.496s] -- Up-to-date symlink: /home/omarsalah/grad_ws/src/my_bot/install/my_bot/share/my_bot/local_setup.sh
[0.497s] -- Up-to-date symlink: /home/omarsalah/grad_ws/src/my_bot/install/my_bot/share/my_bot/local_setup.zsh
[0.500s] -- Up-to-date symlink: /home/omarsalah/grad_ws/src/my_bot/install/my_bot/share/my_bot/local_setup.dsv
[0.500s] -- Symlinking: /home/omarsalah/grad_ws/src/my_bot/install/my_bot/share/my_bot/package.dsv
[0.515s] -- Up-to-date symlink: /home/omarsalah/grad_ws/src/my_bot/install/my_bot/share/ament_index/resource_index/packages/my_bot
[0.516s] -- Up-to-date symlink: /home/omarsalah/grad_ws/src/my_bot/install/my_bot/share/my_bot/cmake/my_botConfig.cmake
[0.516s] -- Up-to-date symlink: /home/omarsalah/grad_ws/src/my_bot/install/my_bot/share/my_bot/cmake/my_botConfig-version.cmake
[0.516s] -- Up-to-date symlink: /home/omarsalah/grad_ws/src/my_bot/install/my_bot/share/my_bot/package.xml
[0.520s] Invoked command in '/home/omarsalah/grad_ws/src/my_bot/build/my_bot' returned '0': CMAKE_PREFIX_PATH=${CMAKE_PREFIX_PATH}:/opt/ros/humble /usr/bin/cmake --install /home/omarsalah/grad_ws/src/my_bot/build/my_bot
