[4.736s] DEBUG:colcon:Command line arguments: ['/usr/bin/colcon', 'build', '--symlink-install']
[4.736s] DEBUG:colcon:Parsed command line arguments: Namespace(allow_overriding=[], ament_cmake_args=None, base_paths=['.'], build_base='build', catkin_cmake_args=None, catkin_skip_building_tests=False, cmake_args=None, cmake_clean_cache=False, cmake_clean_first=False, cmake_force_configure=False, cmake_target=None, cmake_target_skip_unavailable=False, continue_on_error=False, event_handlers=None, executor='parallel', ignore_user_meta=False, install_base='install', log_base=None, log_level=None, main=<bound method BuildVerb.main of <colcon_core.verb.build.BuildVerb object at 0x7f18e235fc10>>, merge_install=False, metas=['./colcon.meta'], packages_above=None, packages_above_and_dependencies=None, packages_above_depth=None, packages_end=None, packages_ignore=None, packages_ignore_regex=None, packages_select=None, packages_select_build_failed=False, packages_select_by_dep=None, packages_select_regex=None, packages_select_test_failures=False, packages_skip=None, packages_skip_build_finished=False, packages_skip_by_dep=None, packages_skip_regex=None, packages_skip_test_passed=False, packages_skip_up_to=None, packages_start=None, packages_up_to=None, packages_up_to_regex=None, parallel_workers=4, paths=None, symlink_install=True, test_result_base=None, verb_extension=<colcon_core.verb.build.BuildVerb object at 0x7f18e235fc10>, verb_name='build', verb_parser=<colcon_defaults.argument_parser.defaults.DefaultArgumentsDecorator object at 0x7f18e22bca90>)
[5.221s] Level 1:colcon.colcon_core.package_discovery:discover_packages(colcon_meta) check parameters
[5.222s] Level 1:colcon.colcon_core.package_discovery:discover_packages(recursive) check parameters
[5.222s] Level 1:colcon.colcon_core.package_discovery:discover_packages(ignore) check parameters
[5.222s] Level 1:colcon.colcon_core.package_discovery:discover_packages(path) check parameters
[5.222s] Level 1:colcon.colcon_core.package_discovery:discover_packages(colcon_meta) discover
[5.222s] Level 1:colcon.colcon_core.package_discovery:discover_packages(recursive) discover
[5.222s] INFO:colcon.colcon_core.package_discovery:Crawling recursively for packages in '/home/omar/new_ws/src/my_bot'
[5.222s] Level 1:colcon.colcon_core.package_identification:_identify(.) by extensions ['ignore', 'ignore_ament_install']
[5.222s] Level 1:colcon.colcon_core.package_identification:_identify(.) by extension 'ignore'
[5.223s] Level 1:colcon.colcon_core.package_identification:_identify(.) by extension 'ignore_ament_install'
[5.223s] Level 1:colcon.colcon_core.package_identification:_identify(.) by extensions ['colcon_pkg']
[5.223s] Level 1:colcon.colcon_core.package_identification:_identify(.) by extension 'colcon_pkg'
[5.223s] Level 1:colcon.colcon_core.package_identification:_identify(.) by extensions ['colcon_meta']
[5.223s] Level 1:colcon.colcon_core.package_identification:_identify(.) by extension 'colcon_meta'
[5.223s] Level 1:colcon.colcon_core.package_identification:_identify(.) by extensions ['ros']
[5.223s] Level 1:colcon.colcon_core.package_identification:_identify(.) by extension 'ros'
[5.299s] DEBUG:colcon.colcon_core.package_identification:Package '.' with type 'ros.ament_cmake' and name 'my_bot'
[5.299s] Level 1:colcon.colcon_core.package_discovery:discover_packages(recursive) using defaults
[5.299s] Level 1:colcon.colcon_core.package_discovery:discover_packages(ignore) discover
[5.299s] Level 1:colcon.colcon_core.package_discovery:discover_packages(ignore) using defaults
[5.299s] Level 1:colcon.colcon_core.package_discovery:discover_packages(path) discover
[5.299s] Level 1:colcon.colcon_core.package_discovery:discover_packages(path) using defaults
[5.894s] Level 1:colcon.colcon_core.package_discovery:discover_packages(prefix_path) check parameters
[5.895s] Level 1:colcon.colcon_core.package_discovery:discover_packages(prefix_path) discover
[6.071s] DEBUG:colcon.colcon_installed_package_information.package_discovery:Found 4 installed packages in /home/omar/install
[6.142s] DEBUG:colcon.colcon_installed_package_information.package_discovery:Found 4 installed packages in /home/omar/new_ws/src/install
[6.216s] DEBUG:colcon.colcon_installed_package_information.package_discovery:Found 303 installed packages in /opt/ros/foxy
[6.221s] Level 1:colcon.colcon_core.package_discovery:discover_packages(prefix_path) using defaults
[7.531s] Level 5:colcon.colcon_core.verb:set package 'my_bot' build argument 'cmake_args' from command line to 'None'
[7.532s] Level 5:colcon.colcon_core.verb:set package 'my_bot' build argument 'cmake_target' from command line to 'None'
[7.532s] Level 5:colcon.colcon_core.verb:set package 'my_bot' build argument 'cmake_target_skip_unavailable' from command line to 'False'
[7.532s] Level 5:colcon.colcon_core.verb:set package 'my_bot' build argument 'cmake_clean_cache' from command line to 'False'
[7.532s] Level 5:colcon.colcon_core.verb:set package 'my_bot' build argument 'cmake_clean_first' from command line to 'False'
[7.532s] Level 5:colcon.colcon_core.verb:set package 'my_bot' build argument 'cmake_force_configure' from command line to 'False'
[7.532s] Level 5:colcon.colcon_core.verb:set package 'my_bot' build argument 'ament_cmake_args' from command line to 'None'
[7.532s] Level 5:colcon.colcon_core.verb:set package 'my_bot' build argument 'catkin_cmake_args' from command line to 'None'
[7.532s] Level 5:colcon.colcon_core.verb:set package 'my_bot' build argument 'catkin_skip_building_tests' from command line to 'False'
[7.532s] DEBUG:colcon.colcon_core.verb:Building package 'my_bot' with the following arguments: {'ament_cmake_args': None, 'build_base': '/home/omar/new_ws/src/my_bot/build/my_bot', 'catkin_cmake_args': None, 'catkin_skip_building_tests': False, 'cmake_args': None, 'cmake_clean_cache': False, 'cmake_clean_first': False, 'cmake_force_configure': False, 'cmake_target': None, 'cmake_target_skip_unavailable': False, 'install_base': '/home/omar/new_ws/src/my_bot/install/my_bot', 'merge_install': False, 'path': '/home/omar/new_ws/src/my_bot', 'symlink_install': True, 'test_result_base': None}
[7.603s] INFO:colcon.colcon_core.executor:Executing jobs using 'parallel' executor
[7.716s] DEBUG:colcon.colcon_parallel_executor.executor.parallel:run_until_complete
[7.717s] INFO:colcon.colcon_ros.task.ament_cmake.build:Building ROS package in '/home/omar/new_ws/src/my_bot' with build type 'ament_cmake'
[7.718s] INFO:colcon.colcon_cmake.task.cmake.build:Building CMake package in '/home/omar/new_ws/src/my_bot'
[7.879s] INFO:colcon.colcon_core.plugin_system:Skipping extension 'colcon_core.shell.bat': Not used on non-Windows systems
[7.879s] INFO:colcon.colcon_core.shell:Skip shell extension 'powershell' for command environment: Not usable outside of PowerShell
[7.879s] DEBUG:colcon.colcon_core.shell:Skip shell extension 'dsv' for command environment
[8.325s] DEBUG:colcon.colcon_core.event_handler.log_command:Invoking command in '/home/omar/new_ws/src/my_bot/build/my_bot': CMAKE_PREFIX_PATH=${CMAKE_PREFIX_PATH}:/home/omar/install/serial_motor_demo:/home/omar/new_ws/src/install/serial_motor_demo:/opt/ros/foxy /usr/bin/cmake /home/omar/new_ws/src/my_bot -DAMENT_CMAKE_SYMLINK_INSTALL=1 -DCMAKE_INSTALL_PREFIX=/home/omar/new_ws/src/my_bot/install/my_bot
[8.659s] DEBUG:colcon.colcon_core.event_handler.log_command:Invoked command in '/home/omar/new_ws/src/my_bot/build/my_bot' returned '1': CMAKE_PREFIX_PATH=${CMAKE_PREFIX_PATH}:/home/omar/install/serial_motor_demo:/home/omar/new_ws/src/install/serial_motor_demo:/opt/ros/foxy /usr/bin/cmake /home/omar/new_ws/src/my_bot -DAMENT_CMAKE_SYMLINK_INSTALL=1 -DCMAKE_INSTALL_PREFIX=/home/omar/new_ws/src/my_bot/install/my_bot
[8.681s] Level 1:colcon.colcon_core.environment:create_environment_scripts_only(my_bot)
[8.814s] Level 1:colcon.colcon_core.environment:checking '/home/omar/new_ws/src/my_bot/install/my_bot' for CMake module files
[8.816s] Level 1:colcon.colcon_core.environment:checking '/home/omar/new_ws/src/my_bot/install/my_bot' for CMake config files
[8.816s] Level 1:colcon.colcon_core.shell:create_environment_hook('my_bot', 'cmake_prefix_path')
[8.893s] INFO:colcon.colcon_core.shell:Creating environment hook '/home/omar/new_ws/src/my_bot/install/my_bot/share/my_bot/hook/cmake_prefix_path.ps1'
[8.907s] INFO:colcon.colcon_core.shell:Creating environment descriptor '/home/omar/new_ws/src/my_bot/install/my_bot/share/my_bot/hook/cmake_prefix_path.dsv'
[8.919s] INFO:colcon.colcon_core.shell:Creating environment hook '/home/omar/new_ws/src/my_bot/install/my_bot/share/my_bot/hook/cmake_prefix_path.sh'
[8.923s] Level 1:colcon.colcon_core.environment:checking '/home/omar/new_ws/src/my_bot/install/my_bot/bin'
[8.923s] Level 1:colcon.colcon_core.environment:checking '/home/omar/new_ws/src/my_bot/install/my_bot/lib/pkgconfig/my_bot.pc'
[8.924s] Level 1:colcon.colcon_core.environment:checking '/home/omar/new_ws/src/my_bot/install/my_bot/lib/python3.8/site-packages'
[8.924s] Level 1:colcon.colcon_core.environment:checking '/home/omar/new_ws/src/my_bot/install/my_bot/bin'
[9.003s] INFO:colcon.colcon_core.shell:Creating package script '/home/omar/new_ws/src/my_bot/install/my_bot/share/my_bot/package.ps1'
[9.006s] INFO:colcon.colcon_core.shell:Creating package descriptor '/home/omar/new_ws/src/my_bot/install/my_bot/share/my_bot/package.dsv'
[9.009s] INFO:colcon.colcon_core.shell:Creating package script '/home/omar/new_ws/src/my_bot/install/my_bot/share/my_bot/package.sh'
[9.012s] INFO:colcon.colcon_core.shell:Creating package script '/home/omar/new_ws/src/my_bot/install/my_bot/share/my_bot/package.bash'
[9.015s] INFO:colcon.colcon_core.shell:Creating package script '/home/omar/new_ws/src/my_bot/install/my_bot/share/my_bot/package.zsh'
[9.022s] Level 1:colcon.colcon_core.environment:create_file_with_runtime_dependencies(/home/omar/new_ws/src/my_bot/install/my_bot/share/colcon-core/packages/my_bot)
[9.023s] DEBUG:colcon.colcon_parallel_executor.executor.parallel:closing loop
[9.024s] DEBUG:colcon.colcon_parallel_executor.executor.parallel:loop closed
[9.024s] DEBUG:colcon.colcon_parallel_executor.executor.parallel:run_until_complete finished with '1'
[9.024s] DEBUG:colcon.colcon_core.event_reactor:joining thread
[9.134s] INFO:colcon.colcon_core.plugin_system:Skipping extension 'colcon_notification.desktop_notification.terminal_notifier': Not used on non-Darwin systems
[9.134s] INFO:colcon.colcon_core.plugin_system:Skipping extension 'colcon_notification.desktop_notification.win32': Not used on non-Windows systems
[9.134s] INFO:colcon.colcon_notification.desktop_notification:Sending desktop notification using 'notify2'
[9.169s] DEBUG:colcon.colcon_core.event_reactor:joined thread
[9.271s] INFO:colcon.colcon_core.shell:Creating prefix script '/home/omar/new_ws/src/my_bot/install/local_setup.ps1'
[9.274s] INFO:colcon.colcon_core.shell:Creating prefix util module '/home/omar/new_ws/src/my_bot/install/_local_setup_util_ps1.py'
[9.276s] INFO:colcon.colcon_core.shell:Creating prefix chain script '/home/omar/new_ws/src/my_bot/install/setup.ps1'
[9.364s] INFO:colcon.colcon_core.shell:Creating prefix script '/home/omar/new_ws/src/my_bot/install/local_setup.sh'
[9.366s] INFO:colcon.colcon_core.shell:Creating prefix util module '/home/omar/new_ws/src/my_bot/install/_local_setup_util_sh.py'
[9.367s] INFO:colcon.colcon_core.shell:Creating prefix chain script '/home/omar/new_ws/src/my_bot/install/setup.sh'
[9.448s] INFO:colcon.colcon_core.shell:Creating prefix script '/home/omar/new_ws/src/my_bot/install/local_setup.bash'
[9.450s] INFO:colcon.colcon_core.shell:Creating prefix chain script '/home/omar/new_ws/src/my_bot/install/setup.bash'
[9.531s] INFO:colcon.colcon_core.shell:Creating prefix script '/home/omar/new_ws/src/my_bot/install/local_setup.zsh'
[9.533s] INFO:colcon.colcon_core.shell:Creating prefix chain script '/home/omar/new_ws/src/my_bot/install/setup.zsh'
